ERROR - 2023-11-13 00:01:32 --> 404 Page Not Found: AdminController/crud_about_us_create
ERROR - 2023-11-13 00:05:24 --> Severity: Warning --> Undefined variable $page_name C:\OSPanel\domains\stimul.news\application\views\users\includes\HeadScripts.php 6
ERROR - 2023-11-13 00:05:24 --> Severity: Warning --> Undefined variable $branding_options C:\OSPanel\domains\stimul.news\application\views\users\includes\HeadScripts.php 7
ERROR - 2023-11-13 00:05:24 --> Severity: Warning --> Attempt to read property "favicon" on null C:\OSPanel\domains\stimul.news\application\views\users\includes\HeadScripts.php 7
ERROR - 2023-11-13 00:05:24 --> Severity: Warning --> Attempt to read property "file_name" on null C:\OSPanel\domains\stimul.news\application\views\users\includes\HeadScripts.php 7
ERROR - 2023-11-13 00:05:24 --> Severity: Warning --> Undefined variable $topbar_options C:\OSPanel\domains\stimul.news\application\views\users\includes\HeaderNavbar.php 81
ERROR - 2023-11-13 00:05:24 --> Severity: Warning --> Undefined variable $branding_options C:\OSPanel\domains\stimul.news\application\views\users\includes\HeaderNavbar.php 134
ERROR - 2023-11-13 00:05:24 --> Severity: Warning --> Attempt to read property "logo_dark" on null C:\OSPanel\domains\stimul.news\application\views\users\includes\HeaderNavbar.php 134
ERROR - 2023-11-13 00:05:24 --> Severity: Warning --> Attempt to read property "file_name" on null C:\OSPanel\domains\stimul.news\application\views\users\includes\HeaderNavbar.php 134
ERROR - 2023-11-13 00:05:24 --> Severity: Warning --> Undefined variable $branding_options C:\OSPanel\domains\stimul.news\application\views\users\includes\Footer.php 8
ERROR - 2023-11-13 00:05:24 --> Severity: Warning --> Attempt to read property "logo_light" on null C:\OSPanel\domains\stimul.news\application\views\users\includes\Footer.php 8
ERROR - 2023-11-13 00:05:24 --> Severity: Warning --> Attempt to read property "file_name" on null C:\OSPanel\domains\stimul.news\application\views\users\includes\Footer.php 8
ERROR - 2023-11-13 00:06:29 --> 404 Page Not Found: PageNotFound/index
ERROR - 2023-11-13 00:06:38 --> Severity: Warning --> Undefined variable $page_name C:\OSPanel\domains\stimul.news\application\views\users\includes\HeadScripts.php 6
ERROR - 2023-11-13 00:06:38 --> Severity: Warning --> Undefined variable $branding_options C:\OSPanel\domains\stimul.news\application\views\users\includes\HeadScripts.php 7
ERROR - 2023-11-13 00:06:38 --> Severity: Warning --> Attempt to read property "favicon" on null C:\OSPanel\domains\stimul.news\application\views\users\includes\HeadScripts.php 7
ERROR - 2023-11-13 00:06:38 --> Severity: Warning --> Attempt to read property "file_name" on null C:\OSPanel\domains\stimul.news\application\views\users\includes\HeadScripts.php 7
ERROR - 2023-11-13 00:06:38 --> Severity: Warning --> Undefined variable $topbar_options C:\OSPanel\domains\stimul.news\application\views\users\includes\HeaderNavbar.php 81
ERROR - 2023-11-13 00:06:38 --> Severity: Warning --> Undefined variable $branding_options C:\OSPanel\domains\stimul.news\application\views\users\includes\HeaderNavbar.php 134
ERROR - 2023-11-13 00:06:38 --> Severity: Warning --> Attempt to read property "logo_dark" on null C:\OSPanel\domains\stimul.news\application\views\users\includes\HeaderNavbar.php 134
ERROR - 2023-11-13 00:06:38 --> Severity: Warning --> Attempt to read property "file_name" on null C:\OSPanel\domains\stimul.news\application\views\users\includes\HeaderNavbar.php 134
ERROR - 2023-11-13 00:06:38 --> Severity: Warning --> Undefined variable $branding_options C:\OSPanel\domains\stimul.news\application\views\users\includes\Footer.php 8
ERROR - 2023-11-13 00:06:38 --> Severity: Warning --> Attempt to read property "logo_light" on null C:\OSPanel\domains\stimul.news\application\views\users\includes\Footer.php 8
ERROR - 2023-11-13 00:06:38 --> Severity: Warning --> Attempt to read property "file_name" on null C:\OSPanel\domains\stimul.news\application\views\users\includes\Footer.php 8
ERROR - 2023-11-13 00:06:48 --> Severity: Warning --> Undefined array key "t_id" C:\OSPanel\domains\stimul.news\application\models\UserModel.php 13
ERROR - 2023-11-13 00:06:48 --> Query error: Unknown column 't_id' in 'where clause' - Invalid query: SELECT *
FROM `topbar`
WHERE `t_id` IS NULL
 LIMIT 1
ERROR - 2023-11-13 00:06:59 --> Severity: Warning --> Undefined variable $page_name C:\OSPanel\domains\stimul.news\application\views\users\includes\HeadScripts.php 6
ERROR - 2023-11-13 00:06:59 --> Severity: Warning --> Undefined variable $branding_options C:\OSPanel\domains\stimul.news\application\views\users\includes\HeadScripts.php 7
ERROR - 2023-11-13 00:06:59 --> Severity: Warning --> Attempt to read property "favicon" on null C:\OSPanel\domains\stimul.news\application\views\users\includes\HeadScripts.php 7
ERROR - 2023-11-13 00:06:59 --> Severity: Warning --> Attempt to read property "file_name" on null C:\OSPanel\domains\stimul.news\application\views\users\includes\HeadScripts.php 7
ERROR - 2023-11-13 00:06:59 --> Severity: Warning --> Undefined variable $topbar_options C:\OSPanel\domains\stimul.news\application\views\users\includes\HeaderNavbar.php 81
ERROR - 2023-11-13 00:06:59 --> Severity: Warning --> Undefined variable $branding_options C:\OSPanel\domains\stimul.news\application\views\users\includes\HeaderNavbar.php 134
ERROR - 2023-11-13 00:06:59 --> Severity: Warning --> Attempt to read property "logo_dark" on null C:\OSPanel\domains\stimul.news\application\views\users\includes\HeaderNavbar.php 134
ERROR - 2023-11-13 00:06:59 --> Severity: Warning --> Attempt to read property "file_name" on null C:\OSPanel\domains\stimul.news\application\views\users\includes\HeaderNavbar.php 134
ERROR - 2023-11-13 00:06:59 --> Severity: Warning --> Undefined variable $branding_options C:\OSPanel\domains\stimul.news\application\views\users\includes\Footer.php 8
ERROR - 2023-11-13 00:06:59 --> Severity: Warning --> Attempt to read property "logo_light" on null C:\OSPanel\domains\stimul.news\application\views\users\includes\Footer.php 8
ERROR - 2023-11-13 00:06:59 --> Severity: Warning --> Attempt to read property "file_name" on null C:\OSPanel\domains\stimul.news\application\views\users\includes\Footer.php 8
ERROR - 2023-11-13 03:49:21 --> 404 Page Not Found: Admin/register
ERROR - 2023-11-13 03:51:54 --> 404 Page Not Found: Admin/register
ERROR - 2023-11-13 03:51:56 --> Severity: error --> Exception: in_array(): Argument #2 ($haystack) must be of type array, string given C:\OSPanel\domains\stimul.news\application\hooks\AdminAuthCheck.php 16
ERROR - 2023-11-13 03:51:57 --> Severity: error --> Exception: in_array(): Argument #2 ($haystack) must be of type array, string given C:\OSPanel\domains\stimul.news\application\hooks\AdminAuthCheck.php 16
ERROR - 2023-11-13 03:52:32 --> Severity: error --> Exception: in_array(): Argument #2 ($haystack) must be of type array, string given C:\OSPanel\domains\stimul.news\application\hooks\AdminAuthCheck.php 16
ERROR - 2023-11-13 03:53:03 --> 404 Page Not Found: Admin/register
ERROR - 2023-11-13 04:10:12 --> 404 Page Not Found: Admin/dash
ERROR - 2023-11-13 04:10:15 --> 404 Page Not Found: Admin/dash
ERROR - 2023-11-13 04:10:15 --> 404 Page Not Found: Admin/dash
ERROR - 2023-11-13 04:10:20 --> 404 Page Not Found: Admin/dash
ERROR - 2023-11-13 04:10:20 --> 404 Page Not Found: Admin/dash
ERROR - 2023-11-13 04:10:33 --> 404 Page Not Found: Admin/dash
ERROR - 2023-11-13 04:24:09 --> 404 Page Not Found: Admin/register
ERROR - 2023-11-13 04:53:01 --> 404 Page Not Found: Cdn-cgi/rum
ERROR - 2023-11-13 04:53:36 --> Severity: Warning --> Undefined variable $admin_page_name C:\OSPanel\domains\stimul.news\application\views\admins\Register.php 7
ERROR - 2023-11-13 04:53:36 --> 404 Page Not Found: Cdn-cgi/rum
ERROR - 2023-11-13 04:53:36 --> 404 Page Not Found: Cdn-cgi/rum
ERROR - 2023-11-13 04:53:40 --> 404 Page Not Found: Cdn-cgi/rum
ERROR - 2023-11-13 04:54:06 --> Severity: Warning --> Undefined variable $admin_page_name C:\OSPanel\domains\stimul.news\application\views\admins\Register.php 7
ERROR - 2023-11-13 04:54:06 --> 404 Page Not Found: Cdn-cgi/rum
ERROR - 2023-11-13 04:54:07 --> 404 Page Not Found: Cdn-cgi/rum
ERROR - 2023-11-13 04:54:16 --> Severity: Warning --> Undefined variable $admin_page_name C:\OSPanel\domains\stimul.news\application\views\admins\Register.php 7
ERROR - 2023-11-13 04:54:16 --> 404 Page Not Found: Cdn-cgi/rum
ERROR - 2023-11-13 04:54:17 --> 404 Page Not Found: Cdn-cgi/rum
ERROR - 2023-11-13 04:54:33 --> 404 Page Not Found: Cdn-cgi/rum
ERROR - 2023-11-13 04:54:33 --> 404 Page Not Found: Cdn-cgi/rum
ERROR - 2023-11-13 05:08:06 --> 404 Page Not Found: Admin/page_register.html
ERROR - 2023-11-13 05:17:38 --> 404 Page Not Found: Admin/page_login.html
ERROR - 2023-11-13 05:48:42 --> Severity: error --> Exception: in_array(): Argument #2 ($haystack) must be of type array, null given C:\OSPanel\domains\stimul.news\application\controllers\AdminController.php 190
ERROR - 2023-11-13 06:27:28 --> 404 Page Not Found: Admin/profile.html
ERROR - 2023-11-13 06:43:29 --> 404 Page Not Found: Admin/profile.html
ERROR - 2023-11-13 06:43:32 --> 404 Page Not Found: Admin/pr
ERROR - 2023-11-13 06:43:34 --> 404 Page Not Found: Admin/index
ERROR - 2023-11-13 06:45:20 --> 404 Page Not Found: Admin/index
ERROR - 2023-11-13 06:45:23 --> 404 Page Not Found: Admin/99
ERROR - 2023-11-13 06:46:00 --> 404 Page Not Found: Admin/99
ERROR - 2023-11-13 06:46:00 --> 404 Page Not Found: Admin/99
ERROR - 2023-11-13 06:47:42 --> Severity: Warning --> Undefined variable $admin_page_name C:\OSPanel\domains\stimul.news\application\views\admins\Error404.php 7
ERROR - 2023-11-13 06:47:45 --> Severity: Warning --> Undefined variable $admin_page_name C:\OSPanel\domains\stimul.news\application\views\admins\Error404.php 7
ERROR - 2023-11-13 06:47:49 --> Severity: Warning --> Undefined variable $admin_page_name C:\OSPanel\domains\stimul.news\application\views\admins\Error404.php 7
ERROR - 2023-11-13 06:49:41 --> 404 Page Not Found: Dfgdgdf/index
ERROR - 2023-11-13 06:49:42 --> 404 Page Not Found: Dfgdgdf/index
ERROR - 2023-11-13 06:53:21 --> 404 Page Not Found: Admin/9966
ERROR - 2023-11-13 06:53:22 --> 404 Page Not Found: Admin/99
ERROR - 2023-11-13 06:53:33 --> 404 Page Not Found: Admin/pr
ERROR - 2023-11-13 06:53:57 --> 404 Page Not Found: Admin/pr
ERROR - 2023-11-13 06:56:20 --> 404 Page Not Found: Admin/pr
ERROR - 2023-11-13 06:58:17 --> 404 Page Not Found: Admin/pr
ERROR - 2023-11-13 06:58:19 --> 404 Page Not Found: Admin/p
ERROR - 2023-11-13 06:58:44 --> 404 Page Not Found: Admin/p
ERROR - 2023-11-13 06:58:53 --> Severity: Warning --> Undefined variable $admin_page_name C:\OSPanel\domains\stimul.news\application\views\admins\Error404.php 7
ERROR - 2023-11-13 06:59:12 --> Severity: Warning --> Undefined variable $admin_page_name C:\OSPanel\domains\stimul.news\application\views\admins\Error404.php 7
ERROR - 2023-11-13 06:59:14 --> 404 Page Not Found: Admin/error4041
ERROR - 2023-11-13 06:59:18 --> 404 Page Not Found: Admin/error4041
ERROR - 2023-11-13 07:04:05 --> 404 Page Not Found: Admin/error4041
ERROR - 2023-11-13 07:04:05 --> 404 Page Not Found: Admin/error4041
ERROR - 2023-11-13 07:04:07 --> Severity: Warning --> Undefined variable $admin_page_name C:\OSPanel\domains\stimul.news\application\views\admins\Error404.php 7
ERROR - 2023-11-13 07:04:09 --> 404 Page Not Found: Admin/error404123
ERROR - 2023-11-13 07:14:48 --> 404 Page Not Found: Admin_controller/error404123
ERROR - 2023-11-13 07:16:26 --> 404 Page Not Found: Admin_controller/error404123
ERROR - 2023-11-13 07:16:26 --> 404 Page Not Found: Admin_controller/error404123
ERROR - 2023-11-13 07:16:31 --> 404 Page Not Found: Admin_controller/error404123sdf
ERROR - 2023-11-13 07:17:42 --> Severity: Warning --> Undefined variable $admin_page_name C:\OSPanel\domains\stimul.news\application\views\admins\Error404.php 7
ERROR - 2023-11-13 07:17:42 --> Severity: error --> Exception: Call to undefined method AdminController::error404123sdf() C:\OSPanel\domains\stimul.news\application\controllers\AdminController.php 281
ERROR - 2023-11-13 07:19:35 --> Severity: Warning --> Undefined variable $admin_page_name C:\OSPanel\domains\stimul.news\application\views\admins\Error404.php 7
ERROR - 2023-11-13 07:19:35 --> Severity: error --> Exception: Call to undefined method AdminController::error404123sdf() C:\OSPanel\domains\stimul.news\application\controllers\AdminController.php 281
ERROR - 2023-11-13 07:20:14 --> Severity: Warning --> Undefined variable $admin_page_name C:\OSPanel\domains\stimul.news\application\views\admins\Error404.php 7
ERROR - 2023-11-13 07:20:18 --> Severity: Warning --> Undefined variable $admin_page_name C:\OSPanel\domains\stimul.news\application\views\admins\Error404.php 7
ERROR - 2023-11-13 07:20:28 --> Severity: Warning --> Undefined variable $admin_page_name C:\OSPanel\domains\stimul.news\application\views\admins\Error404.php 7
ERROR - 2023-11-13 07:22:41 --> 404 Page Not Found: Admin/topbar-edit%D1%80%D0%BE%D0%BB
ERROR - 2023-11-13 17:59:57 --> 404 Page Not Found: Admin/topbar-edit%D1%80%D0%BE%D0%BB
