ERROR - 2023-11-23 22:53:13 --> Severity: error --> Exception: print_r() expects at least 1 argument, 0 given C:\OSPanel\domains\stimul.news\application\controllers\UserController.php 32
ERROR - 2023-11-23 23:45:14 --> Severity: error --> Exception: syntax error, unexpected variable "$data" C:\OSPanel\domains\stimul.news\application\controllers\UserController.php 53
ERROR - 2023-11-23 23:46:46 --> Severity: error --> Exception: array_map(): Argument #1 ($callback) must be a valid callback, array must have exactly two members C:\OSPanel\domains\stimul.news\application\controllers\UserController.php 39
ERROR - 2023-11-23 23:46:57 --> Severity: error --> Exception: array_map() expects at least 2 arguments, 1 given C:\OSPanel\domains\stimul.news\application\controllers\UserController.php 39
ERROR - 2023-11-23 23:56:15 --> Severity: Warning --> Undefined array key "s_status" C:\OSPanel\domains\stimul.news\application\controllers\UserController.php 47
ERROR - 2023-11-23 23:56:15 --> Severity: Warning --> Undefined array key "s_uid" C:\OSPanel\domains\stimul.news\application\controllers\UserController.php 49
ERROR - 2023-11-23 23:56:15 --> Severity: error --> Exception: Array callback must have exactly two elements C:\OSPanel\domains\stimul.news\application\controllers\UserController.php 50
ERROR - 2023-11-23 23:56:30 --> Severity: Warning --> Undefined array key "s_status" C:\OSPanel\domains\stimul.news\application\controllers\UserController.php 47
ERROR - 2023-11-23 23:56:30 --> Severity: Warning --> Undefined array key "s_uid" C:\OSPanel\domains\stimul.news\application\controllers\UserController.php 49
ERROR - 2023-11-23 23:56:30 --> Severity: error --> Exception: Array callback must have exactly two elements C:\OSPanel\domains\stimul.news\application\controllers\UserController.php 50
ERROR - 2023-11-23 23:58:44 --> Severity: error --> Exception: Array callback must have exactly two elements C:\OSPanel\domains\stimul.news\application\controllers\UserController.php 50
ERROR - 2023-11-23 23:59:18 --> Severity: error --> Exception: Array callback must have exactly two elements C:\OSPanel\domains\stimul.news\application\controllers\UserController.php 50
ERROR - 2023-11-23 23:59:47 --> Severity: error --> Exception: Array callback must have exactly two elements C:\OSPanel\domains\stimul.news\application\controllers\UserController.php 50
ERROR - 2023-11-23 23:59:53 --> Severity: Warning --> Undefined array key "s_status" C:\OSPanel\domains\stimul.news\application\controllers\UserController.php 47
ERROR - 2023-11-23 23:59:53 --> Severity: error --> Exception: Array callback must have exactly two elements C:\OSPanel\domains\stimul.news\application\controllers\UserController.php 50
