ERROR - 2023-11-22 00:27:23 --> Severity: Warning --> Undefined variable $branding_options C:\OSPanel\domains\stimul.news\application\views\users\includes\Footer.php 8
ERROR - 2023-11-22 00:27:23 --> Severity: Warning --> Attempt to read property "logo_light" on null C:\OSPanel\domains\stimul.news\application\views\users\includes\Footer.php 8
ERROR - 2023-11-22 00:27:23 --> Severity: Warning --> Attempt to read property "file_name" on null C:\OSPanel\domains\stimul.news\application\views\users\includes\Footer.php 8
ERROR - 2023-11-22 00:30:29 --> Severity: Warning --> Undefined variable $branding_options C:\OSPanel\domains\stimul.news\application\views\users\includes\Footer.php 8
ERROR - 2023-11-22 00:30:29 --> Severity: Warning --> Attempt to read property "logo_light" on null C:\OSPanel\domains\stimul.news\application\views\users\includes\Footer.php 8
ERROR - 2023-11-22 00:30:29 --> Severity: Warning --> Attempt to read property "file_name" on null C:\OSPanel\domains\stimul.news\application\views\users\includes\Footer.php 8
ERROR - 2023-11-22 00:30:44 --> Severity: Warning --> Undefined array key "slider_info" C:\OSPanel\domains\stimul.news\application\controllers\AdminController.php 1744
ERROR - 2023-11-22 00:30:44 --> Severity: Warning --> Trying to access array offset on value of type null C:\OSPanel\domains\stimul.news\application\controllers\AdminController.php 1744
ERROR - 2023-11-22 00:30:45 --> Severity: Warning --> Undefined variable $branding_options C:\OSPanel\domains\stimul.news\application\views\users\includes\Footer.php 8
ERROR - 2023-11-22 00:30:45 --> Severity: Warning --> Attempt to read property "logo_light" on null C:\OSPanel\domains\stimul.news\application\views\users\includes\Footer.php 8
ERROR - 2023-11-22 00:30:45 --> Severity: Warning --> Attempt to read property "file_name" on null C:\OSPanel\domains\stimul.news\application\views\users\includes\Footer.php 8
ERROR - 2023-11-22 00:31:05 --> Severity: Warning --> Undefined array key "slider_info" C:\OSPanel\domains\stimul.news\application\controllers\AdminController.php 1744
ERROR - 2023-11-22 00:31:05 --> Severity: Warning --> Trying to access array offset on value of type null C:\OSPanel\domains\stimul.news\application\controllers\AdminController.php 1744
ERROR - 2023-11-22 00:31:08 --> Severity: Warning --> Undefined variable $branding_options C:\OSPanel\domains\stimul.news\application\views\users\includes\Footer.php 8
ERROR - 2023-11-22 00:31:08 --> Severity: Warning --> Attempt to read property "logo_light" on null C:\OSPanel\domains\stimul.news\application\views\users\includes\Footer.php 8
ERROR - 2023-11-22 00:31:08 --> Severity: Warning --> Attempt to read property "file_name" on null C:\OSPanel\domains\stimul.news\application\views\users\includes\Footer.php 8
ERROR - 2023-11-22 00:31:23 --> Severity: Warning --> Undefined array key "slider_info" C:\OSPanel\domains\stimul.news\application\controllers\AdminController.php 1744
ERROR - 2023-11-22 00:31:23 --> Severity: Warning --> Trying to access array offset on value of type null C:\OSPanel\domains\stimul.news\application\controllers\AdminController.php 1744
ERROR - 2023-11-22 00:31:26 --> Severity: Warning --> Undefined variable $branding_options C:\OSPanel\domains\stimul.news\application\views\users\includes\Footer.php 8
ERROR - 2023-11-22 00:31:26 --> Severity: Warning --> Attempt to read property "logo_light" on null C:\OSPanel\domains\stimul.news\application\views\users\includes\Footer.php 8
ERROR - 2023-11-22 00:31:26 --> Severity: Warning --> Attempt to read property "file_name" on null C:\OSPanel\domains\stimul.news\application\views\users\includes\Footer.php 8
ERROR - 2023-11-22 00:31:37 --> Severity: Warning --> Undefined array key "slider_info" C:\OSPanel\domains\stimul.news\application\controllers\AdminController.php 1744
ERROR - 2023-11-22 00:31:37 --> Severity: Warning --> Trying to access array offset on value of type null C:\OSPanel\domains\stimul.news\application\controllers\AdminController.php 1744
ERROR - 2023-11-22 00:31:39 --> Severity: Warning --> Undefined variable $branding_options C:\OSPanel\domains\stimul.news\application\views\users\includes\Footer.php 8
ERROR - 2023-11-22 00:31:39 --> Severity: Warning --> Attempt to read property "logo_light" on null C:\OSPanel\domains\stimul.news\application\views\users\includes\Footer.php 8
ERROR - 2023-11-22 00:31:39 --> Severity: Warning --> Attempt to read property "file_name" on null C:\OSPanel\domains\stimul.news\application\views\users\includes\Footer.php 8
ERROR - 2023-11-22 00:31:53 --> Severity: Warning --> Undefined array key "slider_info" C:\OSPanel\domains\stimul.news\application\controllers\AdminController.php 1744
ERROR - 2023-11-22 00:31:53 --> Severity: Warning --> Trying to access array offset on value of type null C:\OSPanel\domains\stimul.news\application\controllers\AdminController.php 1744
ERROR - 2023-11-22 00:31:55 --> Severity: Warning --> Undefined variable $branding_options C:\OSPanel\domains\stimul.news\application\views\users\includes\Footer.php 8
ERROR - 2023-11-22 00:31:55 --> Severity: Warning --> Attempt to read property "logo_light" on null C:\OSPanel\domains\stimul.news\application\views\users\includes\Footer.php 8
ERROR - 2023-11-22 00:31:55 --> Severity: Warning --> Attempt to read property "file_name" on null C:\OSPanel\domains\stimul.news\application\views\users\includes\Footer.php 8
ERROR - 2023-11-22 00:35:11 --> Severity: Warning --> Undefined variable $branding_options C:\OSPanel\domains\stimul.news\application\views\users\includes\Footer.php 8
ERROR - 2023-11-22 00:35:11 --> Severity: Warning --> Attempt to read property "logo_light" on null C:\OSPanel\domains\stimul.news\application\views\users\includes\Footer.php 8
ERROR - 2023-11-22 00:35:11 --> Severity: Warning --> Attempt to read property "file_name" on null C:\OSPanel\domains\stimul.news\application\views\users\includes\Footer.php 8
ERROR - 2023-11-22 00:36:49 --> Severity: Warning --> Undefined variable $branding_options C:\OSPanel\domains\stimul.news\application\views\users\includes\Footer.php 8
ERROR - 2023-11-22 00:36:49 --> Severity: Warning --> Attempt to read property "logo_light" on null C:\OSPanel\domains\stimul.news\application\views\users\includes\Footer.php 8
ERROR - 2023-11-22 00:36:49 --> Severity: Warning --> Attempt to read property "file_name" on null C:\OSPanel\domains\stimul.news\application\views\users\includes\Footer.php 8
ERROR - 2023-11-22 00:38:40 --> Severity: Warning --> Undefined variable $branding_options C:\OSPanel\domains\stimul.news\application\views\users\includes\Footer.php 8
ERROR - 2023-11-22 00:38:40 --> Severity: Warning --> Attempt to read property "logo_light" on null C:\OSPanel\domains\stimul.news\application\views\users\includes\Footer.php 8
ERROR - 2023-11-22 00:38:40 --> Severity: Warning --> Attempt to read property "file_name" on null C:\OSPanel\domains\stimul.news\application\views\users\includes\Footer.php 8
ERROR - 2023-11-22 00:39:14 --> Severity: Warning --> Trying to access array offset on value of type bool C:\OSPanel\domains\stimul.news\application\views\users\includes\HeaderSlider.php 38
ERROR - 2023-11-22 00:39:14 --> Severity: Warning --> Trying to access array offset on value of type bool C:\OSPanel\domains\stimul.news\application\views\users\includes\HeaderSlider.php 39
ERROR - 2023-11-22 00:39:14 --> Severity: Warning --> Trying to access array offset on value of type null C:\OSPanel\domains\stimul.news\application\views\users\includes\HeaderSlider.php 41
ERROR - 2023-11-22 00:39:14 --> Severity: Warning --> Trying to access array offset on value of type bool C:\OSPanel\domains\stimul.news\application\views\users\includes\HeaderSlider.php 43
ERROR - 2023-11-22 00:39:14 --> Severity: Warning --> Undefined variable $branding_options C:\OSPanel\domains\stimul.news\application\views\users\includes\Footer.php 8
ERROR - 2023-11-22 00:39:14 --> Severity: Warning --> Attempt to read property "logo_light" on null C:\OSPanel\domains\stimul.news\application\views\users\includes\Footer.php 8
ERROR - 2023-11-22 00:39:14 --> Severity: Warning --> Attempt to read property "file_name" on null C:\OSPanel\domains\stimul.news\application\views\users\includes\Footer.php 8
ERROR - 2023-11-22 00:41:11 --> Severity: Warning --> Undefined variable $branding_options C:\OSPanel\domains\stimul.news\application\views\users\includes\Footer.php 8
ERROR - 2023-11-22 00:41:11 --> Severity: Warning --> Attempt to read property "logo_light" on null C:\OSPanel\domains\stimul.news\application\views\users\includes\Footer.php 8
ERROR - 2023-11-22 00:41:11 --> Severity: Warning --> Attempt to read property "file_name" on null C:\OSPanel\domains\stimul.news\application\views\users\includes\Footer.php 8
ERROR - 2023-11-22 00:41:23 --> Severity: Warning --> Undefined variable $branding_options C:\OSPanel\domains\stimul.news\application\views\users\includes\Footer.php 8
ERROR - 2023-11-22 00:41:23 --> Severity: Warning --> Attempt to read property "logo_light" on null C:\OSPanel\domains\stimul.news\application\views\users\includes\Footer.php 8
ERROR - 2023-11-22 00:41:23 --> Severity: Warning --> Attempt to read property "file_name" on null C:\OSPanel\domains\stimul.news\application\views\users\includes\Footer.php 8
ERROR - 2023-11-22 00:46:05 --> Severity: Warning --> Undefined variable $branding_options C:\OSPanel\domains\stimul.news\application\views\users\includes\Footer.php 8
ERROR - 2023-11-22 00:46:05 --> Severity: Warning --> Attempt to read property "logo_light" on null C:\OSPanel\domains\stimul.news\application\views\users\includes\Footer.php 8
ERROR - 2023-11-22 00:46:05 --> Severity: Warning --> Attempt to read property "file_name" on null C:\OSPanel\domains\stimul.news\application\views\users\includes\Footer.php 8
ERROR - 2023-11-22 00:59:54 --> Severity: Warning --> Undefined array key "slider_info" C:\OSPanel\domains\stimul.news\application\controllers\AdminController.php 1744
ERROR - 2023-11-22 00:59:54 --> Severity: Warning --> Trying to access array offset on value of type null C:\OSPanel\domains\stimul.news\application\controllers\AdminController.php 1744
ERROR - 2023-11-22 00:59:58 --> Severity: Warning --> Undefined variable $branding_options C:\OSPanel\domains\stimul.news\application\views\users\includes\Footer.php 8
ERROR - 2023-11-22 00:59:58 --> Severity: Warning --> Attempt to read property "logo_light" on null C:\OSPanel\domains\stimul.news\application\views\users\includes\Footer.php 8
ERROR - 2023-11-22 00:59:58 --> Severity: Warning --> Attempt to read property "file_name" on null C:\OSPanel\domains\stimul.news\application\views\users\includes\Footer.php 8
ERROR - 2023-11-22 01:06:43 --> Severity: Warning --> Undefined variable $branding_options C:\OSPanel\domains\stimul.news\application\views\users\includes\Footer.php 8
ERROR - 2023-11-22 01:06:43 --> Severity: Warning --> Attempt to read property "logo_light" on null C:\OSPanel\domains\stimul.news\application\views\users\includes\Footer.php 8
ERROR - 2023-11-22 01:06:43 --> Severity: Warning --> Attempt to read property "file_name" on null C:\OSPanel\domains\stimul.news\application\views\users\includes\Footer.php 8
ERROR - 2023-11-22 01:06:56 --> Could not find the language line "categories_navbar"
ERROR - 2023-11-22 01:06:56 --> Could not find the language line "categories_navbar_all"
ERROR - 2023-11-22 01:06:56 --> Could not find the language line "about_us_navbar"
ERROR - 2023-11-22 01:06:56 --> Could not find the language line "contacts_navbar"
ERROR - 2023-11-22 01:06:56 --> Could not find the language line "read_more"
ERROR - 2023-11-22 01:06:56 --> Could not find the language line "read_more"
ERROR - 2023-11-22 01:06:56 --> Severity: Warning --> Undefined variable $branding_options C:\OSPanel\domains\stimul.news\application\views\users\includes\Footer.php 8
ERROR - 2023-11-22 01:06:56 --> Severity: Warning --> Attempt to read property "logo_light" on null C:\OSPanel\domains\stimul.news\application\views\users\includes\Footer.php 8
ERROR - 2023-11-22 01:06:56 --> Severity: Warning --> Attempt to read property "file_name" on null C:\OSPanel\domains\stimul.news\application\views\users\includes\Footer.php 8
ERROR - 2023-11-22 01:07:05 --> Could not find the language line "categories_navbar"
ERROR - 2023-11-22 01:07:05 --> Could not find the language line "categories_navbar_all"
ERROR - 2023-11-22 01:07:05 --> Could not find the language line "about_us_navbar"
ERROR - 2023-11-22 01:07:05 --> Could not find the language line "contacts_navbar"
ERROR - 2023-11-22 01:07:05 --> Could not find the language line "read_more"
ERROR - 2023-11-22 01:07:05 --> Could not find the language line "read_more"
ERROR - 2023-11-22 01:07:05 --> Severity: Warning --> Undefined variable $branding_options C:\OSPanel\domains\stimul.news\application\views\users\includes\Footer.php 8
ERROR - 2023-11-22 01:07:05 --> Severity: Warning --> Attempt to read property "logo_light" on null C:\OSPanel\domains\stimul.news\application\views\users\includes\Footer.php 8
ERROR - 2023-11-22 01:07:05 --> Severity: Warning --> Attempt to read property "file_name" on null C:\OSPanel\domains\stimul.news\application\views\users\includes\Footer.php 8
ERROR - 2023-11-22 01:07:11 --> Severity: Warning --> Undefined variable $branding_options C:\OSPanel\domains\stimul.news\application\views\users\includes\Footer.php 8
ERROR - 2023-11-22 01:07:11 --> Severity: Warning --> Attempt to read property "logo_light" on null C:\OSPanel\domains\stimul.news\application\views\users\includes\Footer.php 8
ERROR - 2023-11-22 01:07:11 --> Severity: Warning --> Attempt to read property "file_name" on null C:\OSPanel\domains\stimul.news\application\views\users\includes\Footer.php 8
ERROR - 2023-11-22 01:15:53 --> Severity: Warning --> Undefined variable $branding_options C:\OSPanel\domains\stimul.news\application\views\users\includes\Footer.php 8
ERROR - 2023-11-22 01:15:53 --> Severity: Warning --> Attempt to read property "logo_light" on null C:\OSPanel\domains\stimul.news\application\views\users\includes\Footer.php 8
ERROR - 2023-11-22 01:15:53 --> Severity: Warning --> Attempt to read property "file_name" on null C:\OSPanel\domains\stimul.news\application\views\users\includes\Footer.php 8
ERROR - 2023-11-22 01:25:08 --> Severity: Warning --> Undefined variable $branding_options C:\OSPanel\domains\stimul.news\application\views\users\includes\Footer.php 8
ERROR - 2023-11-22 01:25:08 --> Severity: Warning --> Attempt to read property "logo_light" on null C:\OSPanel\domains\stimul.news\application\views\users\includes\Footer.php 8
ERROR - 2023-11-22 01:25:08 --> Severity: Warning --> Attempt to read property "file_name" on null C:\OSPanel\domains\stimul.news\application\views\users\includes\Footer.php 8
ERROR - 2023-11-22 01:25:37 --> Severity: Warning --> Undefined variable $branding_options C:\OSPanel\domains\stimul.news\application\views\users\includes\Footer.php 8
ERROR - 2023-11-22 01:25:37 --> Severity: Warning --> Attempt to read property "logo_light" on null C:\OSPanel\domains\stimul.news\application\views\users\includes\Footer.php 8
ERROR - 2023-11-22 01:25:37 --> Severity: Warning --> Attempt to read property "file_name" on null C:\OSPanel\domains\stimul.news\application\views\users\includes\Footer.php 8
ERROR - 2023-11-22 01:26:32 --> Severity: Warning --> Undefined variable $branding_options C:\OSPanel\domains\stimul.news\application\views\users\includes\Footer.php 8
ERROR - 2023-11-22 01:26:32 --> Severity: Warning --> Attempt to read property "logo_light" on null C:\OSPanel\domains\stimul.news\application\views\users\includes\Footer.php 8
ERROR - 2023-11-22 01:26:32 --> Severity: Warning --> Attempt to read property "file_name" on null C:\OSPanel\domains\stimul.news\application\views\users\includes\Footer.php 8
ERROR - 2023-11-22 01:28:43 --> Could not find the language line "categories_navbar"
ERROR - 2023-11-22 01:28:43 --> Could not find the language line "categories_navbar_all"
ERROR - 2023-11-22 01:28:43 --> Could not find the language line "about_us_navbar"
ERROR - 2023-11-22 01:28:43 --> Could not find the language line "contacts_navbar"
ERROR - 2023-11-22 01:28:43 --> Could not find the language line "read_more"
ERROR - 2023-11-22 01:28:43 --> Could not find the language line "read_more"
ERROR - 2023-11-22 01:28:43 --> Severity: Warning --> Undefined variable $branding_options C:\OSPanel\domains\stimul.news\application\views\users\includes\Footer.php 8
ERROR - 2023-11-22 01:28:43 --> Severity: Warning --> Attempt to read property "logo_light" on null C:\OSPanel\domains\stimul.news\application\views\users\includes\Footer.php 8
ERROR - 2023-11-22 01:28:43 --> Severity: Warning --> Attempt to read property "file_name" on null C:\OSPanel\domains\stimul.news\application\views\users\includes\Footer.php 8
ERROR - 2023-11-22 01:28:48 --> Could not find the language line "categories_navbar"
ERROR - 2023-11-22 01:28:48 --> Could not find the language line "categories_navbar_all"
ERROR - 2023-11-22 01:28:48 --> Could not find the language line "about_us_navbar"
ERROR - 2023-11-22 01:28:48 --> Could not find the language line "contacts_navbar"
ERROR - 2023-11-22 01:28:48 --> Could not find the language line "read_more"
ERROR - 2023-11-22 01:28:48 --> Could not find the language line "read_more"
ERROR - 2023-11-22 01:28:48 --> Severity: Warning --> Undefined variable $branding_options C:\OSPanel\domains\stimul.news\application\views\users\includes\Footer.php 8
ERROR - 2023-11-22 01:28:48 --> Severity: Warning --> Attempt to read property "logo_light" on null C:\OSPanel\domains\stimul.news\application\views\users\includes\Footer.php 8
ERROR - 2023-11-22 01:28:48 --> Severity: Warning --> Attempt to read property "file_name" on null C:\OSPanel\domains\stimul.news\application\views\users\includes\Footer.php 8
ERROR - 2023-11-22 01:28:52 --> Could not find the language line "categories_navbar"
ERROR - 2023-11-22 01:28:52 --> Could not find the language line "categories_navbar_all"
ERROR - 2023-11-22 01:28:52 --> Could not find the language line "about_us_navbar"
ERROR - 2023-11-22 01:28:52 --> Could not find the language line "contacts_navbar"
ERROR - 2023-11-22 01:28:52 --> Could not find the language line "read_more"
ERROR - 2023-11-22 01:28:52 --> Could not find the language line "read_more"
ERROR - 2023-11-22 01:28:52 --> Severity: Warning --> Undefined variable $branding_options C:\OSPanel\domains\stimul.news\application\views\users\includes\Footer.php 8
ERROR - 2023-11-22 01:28:52 --> Severity: Warning --> Attempt to read property "logo_light" on null C:\OSPanel\domains\stimul.news\application\views\users\includes\Footer.php 8
ERROR - 2023-11-22 01:28:52 --> Severity: Warning --> Attempt to read property "file_name" on null C:\OSPanel\domains\stimul.news\application\views\users\includes\Footer.php 8
ERROR - 2023-11-22 03:07:36 --> Could not find the language line "categories_navbar"
ERROR - 2023-11-22 03:07:36 --> Could not find the language line "categories_navbar_all"
ERROR - 2023-11-22 03:07:36 --> Could not find the language line "about_us_navbar"
ERROR - 2023-11-22 03:07:36 --> Could not find the language line "contacts_navbar"
ERROR - 2023-11-22 03:07:36 --> Could not find the language line "read_more"
ERROR - 2023-11-22 03:07:36 --> Could not find the language line "read_more"
ERROR - 2023-11-22 03:07:36 --> Severity: Warning --> Undefined variable $branding_options C:\OSPanel\domains\stimul.news\application\views\users\includes\Footer.php 8
ERROR - 2023-11-22 03:07:36 --> Severity: Warning --> Attempt to read property "logo_light" on null C:\OSPanel\domains\stimul.news\application\views\users\includes\Footer.php 8
ERROR - 2023-11-22 03:07:36 --> Severity: Warning --> Attempt to read property "file_name" on null C:\OSPanel\domains\stimul.news\application\views\users\includes\Footer.php 8
ERROR - 2023-11-22 03:07:44 --> Could not find the language line "categories_navbar"
ERROR - 2023-11-22 03:07:44 --> Could not find the language line "categories_navbar_all"
ERROR - 2023-11-22 03:07:44 --> Could not find the language line "about_us_navbar"
ERROR - 2023-11-22 03:07:44 --> Could not find the language line "contacts_navbar"
ERROR - 2023-11-22 03:07:44 --> Could not find the language line "read_more"
ERROR - 2023-11-22 03:07:44 --> Could not find the language line "read_more"
ERROR - 2023-11-22 03:07:44 --> Severity: Warning --> Undefined variable $branding_options C:\OSPanel\domains\stimul.news\application\views\users\includes\Footer.php 8
ERROR - 2023-11-22 03:07:44 --> Severity: Warning --> Attempt to read property "logo_light" on null C:\OSPanel\domains\stimul.news\application\views\users\includes\Footer.php 8
ERROR - 2023-11-22 03:07:44 --> Severity: Warning --> Attempt to read property "file_name" on null C:\OSPanel\domains\stimul.news\application\views\users\includes\Footer.php 8
ERROR - 2023-11-22 03:07:52 --> Severity: Warning --> Undefined variable $branding_options C:\OSPanel\domains\stimul.news\application\views\users\includes\Footer.php 8
ERROR - 2023-11-22 03:07:52 --> Severity: Warning --> Attempt to read property "logo_light" on null C:\OSPanel\domains\stimul.news\application\views\users\includes\Footer.php 8
ERROR - 2023-11-22 03:07:52 --> Severity: Warning --> Attempt to read property "file_name" on null C:\OSPanel\domains\stimul.news\application\views\users\includes\Footer.php 8
ERROR - 2023-11-22 03:08:00 --> Could not find the language line "categories_navbar"
ERROR - 2023-11-22 03:08:00 --> Could not find the language line "categories_navbar_all"
ERROR - 2023-11-22 03:08:00 --> Could not find the language line "about_us_navbar"
ERROR - 2023-11-22 03:08:00 --> Could not find the language line "contacts_navbar"
ERROR - 2023-11-22 03:08:00 --> Could not find the language line "read_more"
ERROR - 2023-11-22 03:08:00 --> Could not find the language line "read_more"
ERROR - 2023-11-22 03:08:00 --> Severity: Warning --> Undefined variable $branding_options C:\OSPanel\domains\stimul.news\application\views\users\includes\Footer.php 8
ERROR - 2023-11-22 03:08:00 --> Severity: Warning --> Attempt to read property "logo_light" on null C:\OSPanel\domains\stimul.news\application\views\users\includes\Footer.php 8
ERROR - 2023-11-22 03:08:00 --> Severity: Warning --> Attempt to read property "file_name" on null C:\OSPanel\domains\stimul.news\application\views\users\includes\Footer.php 8
ERROR - 2023-11-22 03:08:14 --> Could not find the language line "categories_navbar"
ERROR - 2023-11-22 03:08:14 --> Could not find the language line "categories_navbar_all"
ERROR - 2023-11-22 03:08:14 --> Could not find the language line "about_us_navbar"
ERROR - 2023-11-22 03:08:14 --> Could not find the language line "contacts_navbar"
ERROR - 2023-11-22 03:08:14 --> Could not find the language line "read_more"
ERROR - 2023-11-22 03:08:14 --> Could not find the language line "read_more"
ERROR - 2023-11-22 03:08:14 --> Severity: Warning --> Undefined variable $branding_options C:\OSPanel\domains\stimul.news\application\views\users\includes\Footer.php 8
ERROR - 2023-11-22 03:08:14 --> Severity: Warning --> Attempt to read property "logo_light" on null C:\OSPanel\domains\stimul.news\application\views\users\includes\Footer.php 8
ERROR - 2023-11-22 03:08:14 --> Severity: Warning --> Attempt to read property "file_name" on null C:\OSPanel\domains\stimul.news\application\views\users\includes\Footer.php 8
ERROR - 2023-11-22 03:08:18 --> Severity: Warning --> Undefined variable $branding_options C:\OSPanel\domains\stimul.news\application\views\users\includes\Footer.php 8
ERROR - 2023-11-22 03:08:18 --> Severity: Warning --> Attempt to read property "logo_light" on null C:\OSPanel\domains\stimul.news\application\views\users\includes\Footer.php 8
ERROR - 2023-11-22 03:08:18 --> Severity: Warning --> Attempt to read property "file_name" on null C:\OSPanel\domains\stimul.news\application\views\users\includes\Footer.php 8
ERROR - 2023-11-22 03:09:24 --> Severity: Warning --> Undefined variable $branding_options C:\OSPanel\domains\stimul.news\application\views\users\includes\Footer.php 8
ERROR - 2023-11-22 03:09:24 --> Severity: Warning --> Attempt to read property "logo_light" on null C:\OSPanel\domains\stimul.news\application\views\users\includes\Footer.php 8
ERROR - 2023-11-22 03:09:24 --> Severity: Warning --> Attempt to read property "file_name" on null C:\OSPanel\domains\stimul.news\application\views\users\includes\Footer.php 8
ERROR - 2023-11-22 03:09:31 --> Could not find the language line "categories_navbar"
ERROR - 2023-11-22 03:09:31 --> Could not find the language line "categories_navbar_all"
ERROR - 2023-11-22 03:09:31 --> Could not find the language line "about_us_navbar"
ERROR - 2023-11-22 03:09:31 --> Could not find the language line "contacts_navbar"
ERROR - 2023-11-22 03:09:31 --> Could not find the language line "read_more"
ERROR - 2023-11-22 03:09:31 --> Could not find the language line "read_more"
ERROR - 2023-11-22 03:09:31 --> Could not find the language line "all_categories"
ERROR - 2023-11-22 03:09:31 --> Severity: Warning --> Undefined variable $branding_options C:\OSPanel\domains\stimul.news\application\views\users\includes\Footer.php 8
ERROR - 2023-11-22 03:09:31 --> Severity: Warning --> Attempt to read property "logo_light" on null C:\OSPanel\domains\stimul.news\application\views\users\includes\Footer.php 8
ERROR - 2023-11-22 03:09:31 --> Severity: Warning --> Attempt to read property "file_name" on null C:\OSPanel\domains\stimul.news\application\views\users\includes\Footer.php 8
ERROR - 2023-11-22 03:09:36 --> Severity: Warning --> Undefined variable $branding_options C:\OSPanel\domains\stimul.news\application\views\users\includes\Footer.php 8
ERROR - 2023-11-22 03:09:36 --> Severity: Warning --> Attempt to read property "logo_light" on null C:\OSPanel\domains\stimul.news\application\views\users\includes\Footer.php 8
ERROR - 2023-11-22 03:09:36 --> Severity: Warning --> Attempt to read property "file_name" on null C:\OSPanel\domains\stimul.news\application\views\users\includes\Footer.php 8
ERROR - 2023-11-22 03:23:11 --> Severity: Warning --> Undefined variable $branding_options C:\OSPanel\domains\stimul.news\application\views\users\includes\Footer.php 8
ERROR - 2023-11-22 03:23:11 --> Severity: Warning --> Attempt to read property "logo_light" on null C:\OSPanel\domains\stimul.news\application\views\users\includes\Footer.php 8
ERROR - 2023-11-22 03:23:11 --> Severity: Warning --> Attempt to read property "file_name" on null C:\OSPanel\domains\stimul.news\application\views\users\includes\Footer.php 8
ERROR - 2023-11-22 03:23:40 --> Severity: Warning --> Undefined variable $branding_options C:\OSPanel\domains\stimul.news\application\views\users\includes\Footer.php 8
ERROR - 2023-11-22 03:23:40 --> Severity: Warning --> Attempt to read property "logo_light" on null C:\OSPanel\domains\stimul.news\application\views\users\includes\Footer.php 8
ERROR - 2023-11-22 03:23:40 --> Severity: Warning --> Attempt to read property "file_name" on null C:\OSPanel\domains\stimul.news\application\views\users\includes\Footer.php 8
ERROR - 2023-11-22 03:24:54 --> Severity: Warning --> Undefined variable $branding_options C:\OSPanel\domains\stimul.news\application\views\users\includes\Footer.php 8
ERROR - 2023-11-22 03:24:54 --> Severity: Warning --> Attempt to read property "logo_light" on null C:\OSPanel\domains\stimul.news\application\views\users\includes\Footer.php 8
ERROR - 2023-11-22 03:24:54 --> Severity: Warning --> Attempt to read property "file_name" on null C:\OSPanel\domains\stimul.news\application\views\users\includes\Footer.php 8
ERROR - 2023-11-22 03:25:21 --> Severity: Warning --> Undefined variable $branding_options C:\OSPanel\domains\stimul.news\application\views\users\includes\Footer.php 8
ERROR - 2023-11-22 03:25:21 --> Severity: Warning --> Attempt to read property "logo_light" on null C:\OSPanel\domains\stimul.news\application\views\users\includes\Footer.php 8
ERROR - 2023-11-22 03:25:21 --> Severity: Warning --> Attempt to read property "file_name" on null C:\OSPanel\domains\stimul.news\application\views\users\includes\Footer.php 8
ERROR - 2023-11-22 03:26:37 --> Severity: Warning --> Undefined variable $news_last_lis C:\OSPanel\domains\stimul.news\application\views\users\Index.php 58
ERROR - 2023-11-22 03:26:38 --> Severity: Warning --> Undefined variable $news_last_lis C:\OSPanel\domains\stimul.news\application\views\users\Index.php 58
ERROR - 2023-11-22 03:30:30 --> Severity: Warning --> Undefined variable $branding_options C:\OSPanel\domains\stimul.news\application\views\users\includes\Footer.php 8
ERROR - 2023-11-22 03:30:30 --> Severity: Warning --> Attempt to read property "logo_light" on null C:\OSPanel\domains\stimul.news\application\views\users\includes\Footer.php 8
ERROR - 2023-11-22 03:30:30 --> Severity: Warning --> Attempt to read property "file_name" on null C:\OSPanel\domains\stimul.news\application\views\users\includes\Footer.php 8
ERROR - 2023-11-22 03:32:01 --> Severity: Warning --> Undefined variable $branding_options C:\OSPanel\domains\stimul.news\application\views\users\includes\Footer.php 8
ERROR - 2023-11-22 03:32:01 --> Severity: Warning --> Attempt to read property "logo_light" on null C:\OSPanel\domains\stimul.news\application\views\users\includes\Footer.php 8
ERROR - 2023-11-22 03:32:01 --> Severity: Warning --> Attempt to read property "file_name" on null C:\OSPanel\domains\stimul.news\application\views\users\includes\Footer.php 8
ERROR - 2023-11-22 03:32:19 --> Severity: Warning --> Undefined variable $branding_options C:\OSPanel\domains\stimul.news\application\views\users\includes\Footer.php 8
ERROR - 2023-11-22 03:32:19 --> Severity: Warning --> Attempt to read property "logo_light" on null C:\OSPanel\domains\stimul.news\application\views\users\includes\Footer.php 8
ERROR - 2023-11-22 03:32:19 --> Severity: Warning --> Attempt to read property "file_name" on null C:\OSPanel\domains\stimul.news\application\views\users\includes\Footer.php 8
ERROR - 2023-11-22 03:32:38 --> Severity: Warning --> Undefined variable $branding_options C:\OSPanel\domains\stimul.news\application\views\users\includes\Footer.php 8
ERROR - 2023-11-22 03:32:38 --> Severity: Warning --> Attempt to read property "logo_light" on null C:\OSPanel\domains\stimul.news\application\views\users\includes\Footer.php 8
ERROR - 2023-11-22 03:32:38 --> Severity: Warning --> Attempt to read property "file_name" on null C:\OSPanel\domains\stimul.news\application\views\users\includes\Footer.php 8
ERROR - 2023-11-22 03:32:49 --> Severity: Warning --> Undefined variable $branding_options C:\OSPanel\domains\stimul.news\application\views\users\includes\Footer.php 8
ERROR - 2023-11-22 03:32:49 --> Severity: Warning --> Attempt to read property "logo_light" on null C:\OSPanel\domains\stimul.news\application\views\users\includes\Footer.php 8
ERROR - 2023-11-22 03:32:49 --> Severity: Warning --> Attempt to read property "file_name" on null C:\OSPanel\domains\stimul.news\application\views\users\includes\Footer.php 8
ERROR - 2023-11-22 03:34:26 --> Severity: Warning --> Undefined variable $branding_options C:\OSPanel\domains\stimul.news\application\views\users\includes\Footer.php 8
ERROR - 2023-11-22 03:34:26 --> Severity: Warning --> Attempt to read property "logo_light" on null C:\OSPanel\domains\stimul.news\application\views\users\includes\Footer.php 8
ERROR - 2023-11-22 03:34:26 --> Severity: Warning --> Attempt to read property "file_name" on null C:\OSPanel\domains\stimul.news\application\views\users\includes\Footer.php 8
ERROR - 2023-11-22 03:34:48 --> Severity: Warning --> Undefined variable $branding_options C:\OSPanel\domains\stimul.news\application\views\users\includes\Footer.php 8
ERROR - 2023-11-22 03:34:48 --> Severity: Warning --> Attempt to read property "logo_light" on null C:\OSPanel\domains\stimul.news\application\views\users\includes\Footer.php 8
ERROR - 2023-11-22 03:34:48 --> Severity: Warning --> Attempt to read property "file_name" on null C:\OSPanel\domains\stimul.news\application\views\users\includes\Footer.php 8
ERROR - 2023-11-22 03:36:38 --> Severity: Warning --> Undefined variable $branding_options C:\OSPanel\domains\stimul.news\application\views\users\includes\Footer.php 8
ERROR - 2023-11-22 03:36:38 --> Severity: Warning --> Attempt to read property "logo_light" on null C:\OSPanel\domains\stimul.news\application\views\users\includes\Footer.php 8
ERROR - 2023-11-22 03:36:38 --> Severity: Warning --> Attempt to read property "file_name" on null C:\OSPanel\domains\stimul.news\application\views\users\includes\Footer.php 8
ERROR - 2023-11-22 03:38:26 --> Severity: Warning --> Undefined variable $branding_options C:\OSPanel\domains\stimul.news\application\views\users\includes\Footer.php 8
ERROR - 2023-11-22 03:38:26 --> Severity: Warning --> Attempt to read property "logo_light" on null C:\OSPanel\domains\stimul.news\application\views\users\includes\Footer.php 8
ERROR - 2023-11-22 03:38:26 --> Severity: Warning --> Attempt to read property "file_name" on null C:\OSPanel\domains\stimul.news\application\views\users\includes\Footer.php 8
ERROR - 2023-11-22 03:46:19 --> Query error: Unknown column 'c_uid' in 'order clause' - Invalid query: SELECT *
FROM `partners`
WHERE `p_status` = 1
ORDER BY `c_uid` DESC
ERROR - 2023-11-22 03:46:30 --> Severity: Warning --> Undefined variable $branding_options C:\OSPanel\domains\stimul.news\application\views\users\includes\Footer.php 8
ERROR - 2023-11-22 03:46:30 --> Severity: Warning --> Attempt to read property "logo_light" on null C:\OSPanel\domains\stimul.news\application\views\users\includes\Footer.php 8
ERROR - 2023-11-22 03:46:30 --> Severity: Warning --> Attempt to read property "file_name" on null C:\OSPanel\domains\stimul.news\application\views\users\includes\Footer.php 8
ERROR - 2023-11-22 03:47:13 --> Severity: Warning --> Undefined variable $branding_options C:\OSPanel\domains\stimul.news\application\views\users\includes\Footer.php 8
ERROR - 2023-11-22 03:47:13 --> Severity: Warning --> Attempt to read property "logo_light" on null C:\OSPanel\domains\stimul.news\application\views\users\includes\Footer.php 8
ERROR - 2023-11-22 03:47:13 --> Severity: Warning --> Attempt to read property "file_name" on null C:\OSPanel\domains\stimul.news\application\views\users\includes\Footer.php 8
ERROR - 2023-11-22 03:47:23 --> Severity: Warning --> Undefined variable $branding_options C:\OSPanel\domains\stimul.news\application\views\users\includes\Footer.php 8
ERROR - 2023-11-22 03:47:23 --> Severity: Warning --> Attempt to read property "logo_light" on null C:\OSPanel\domains\stimul.news\application\views\users\includes\Footer.php 8
ERROR - 2023-11-22 03:47:23 --> Severity: Warning --> Attempt to read property "file_name" on null C:\OSPanel\domains\stimul.news\application\views\users\includes\Footer.php 8
ERROR - 2023-11-22 03:48:00 --> Severity: Warning --> Undefined variable $branding_options C:\OSPanel\domains\stimul.news\application\views\users\includes\Footer.php 8
ERROR - 2023-11-22 03:48:00 --> Severity: Warning --> Attempt to read property "logo_light" on null C:\OSPanel\domains\stimul.news\application\views\users\includes\Footer.php 8
ERROR - 2023-11-22 03:48:00 --> Severity: Warning --> Attempt to read property "file_name" on null C:\OSPanel\domains\stimul.news\application\views\users\includes\Footer.php 8
ERROR - 2023-11-22 03:48:08 --> Severity: Warning --> Undefined variable $branding_options C:\OSPanel\domains\stimul.news\application\views\users\includes\Footer.php 8
ERROR - 2023-11-22 03:48:08 --> Severity: Warning --> Attempt to read property "logo_light" on null C:\OSPanel\domains\stimul.news\application\views\users\includes\Footer.php 8
ERROR - 2023-11-22 03:48:08 --> Severity: Warning --> Attempt to read property "file_name" on null C:\OSPanel\domains\stimul.news\application\views\users\includes\Footer.php 8
ERROR - 2023-11-22 03:48:30 --> Severity: Warning --> Undefined variable $branding_options C:\OSPanel\domains\stimul.news\application\views\users\includes\Footer.php 8
ERROR - 2023-11-22 03:48:30 --> Severity: Warning --> Attempt to read property "logo_light" on null C:\OSPanel\domains\stimul.news\application\views\users\includes\Footer.php 8
ERROR - 2023-11-22 03:48:30 --> Severity: Warning --> Attempt to read property "file_name" on null C:\OSPanel\domains\stimul.news\application\views\users\includes\Footer.php 8
ERROR - 2023-11-22 03:49:58 --> Severity: Warning --> Undefined variable $branding_options C:\OSPanel\domains\stimul.news\application\views\users\includes\Footer.php 8
ERROR - 2023-11-22 03:49:58 --> Severity: Warning --> Attempt to read property "logo_light" on null C:\OSPanel\domains\stimul.news\application\views\users\includes\Footer.php 8
ERROR - 2023-11-22 03:49:58 --> Severity: Warning --> Attempt to read property "file_name" on null C:\OSPanel\domains\stimul.news\application\views\users\includes\Footer.php 8
ERROR - 2023-11-22 04:50:16 --> Severity: error --> Exception: array_combine(): Argument #1 ($keys) and argument #2 ($values) must have the same number of elements C:\OSPanel\domains\stimul.news\application\views\users\Index.php 4
ERROR - 2023-11-22 04:50:17 --> Severity: error --> Exception: array_combine(): Argument #1 ($keys) and argument #2 ($values) must have the same number of elements C:\OSPanel\domains\stimul.news\application\views\users\Index.php 4
ERROR - 2023-11-22 04:50:34 --> Severity: error --> Exception: array_combine(): Argument #1 ($keys) and argument #2 ($values) must have the same number of elements C:\OSPanel\domains\stimul.news\application\views\users\Index.php 4
ERROR - 2023-11-22 04:54:10 --> Severity: error --> Exception: syntax error, unexpected end of file, expecting "elseif" or "else" or "endif" C:\OSPanel\domains\stimul.news\application\views\users\Index.php 350
ERROR - 2023-11-22 04:54:29 --> Severity: Warning --> Undefined variable $branding_options C:\OSPanel\domains\stimul.news\application\views\users\includes\Footer.php 8
ERROR - 2023-11-22 04:54:29 --> Severity: Warning --> Attempt to read property "logo_light" on null C:\OSPanel\domains\stimul.news\application\views\users\includes\Footer.php 8
ERROR - 2023-11-22 04:54:29 --> Severity: Warning --> Attempt to read property "file_name" on null C:\OSPanel\domains\stimul.news\application\views\users\includes\Footer.php 8
ERROR - 2023-11-22 04:54:40 --> Severity: error --> Exception: array_rand(): Argument #2 ($num) must be between 1 and the number of elements in argument #1 ($array) C:\OSPanel\domains\stimul.news\application\views\users\Index.php 1
ERROR - 2023-11-22 04:54:59 --> Severity: Warning --> Undefined variable $branding_options C:\OSPanel\domains\stimul.news\application\views\users\includes\Footer.php 8
ERROR - 2023-11-22 04:54:59 --> Severity: Warning --> Attempt to read property "logo_light" on null C:\OSPanel\domains\stimul.news\application\views\users\includes\Footer.php 8
ERROR - 2023-11-22 04:54:59 --> Severity: Warning --> Attempt to read property "file_name" on null C:\OSPanel\domains\stimul.news\application\views\users\includes\Footer.php 8
ERROR - 2023-11-22 04:56:44 --> Severity: Warning --> Undefined variable $branding_options C:\OSPanel\domains\stimul.news\application\views\users\includes\Footer.php 8
ERROR - 2023-11-22 04:56:44 --> Severity: Warning --> Attempt to read property "logo_light" on null C:\OSPanel\domains\stimul.news\application\views\users\includes\Footer.php 8
ERROR - 2023-11-22 04:56:44 --> Severity: Warning --> Attempt to read property "file_name" on null C:\OSPanel\domains\stimul.news\application\views\users\includes\Footer.php 8
ERROR - 2023-11-22 04:57:12 --> Severity: Warning --> Undefined variable $branding_options C:\OSPanel\domains\stimul.news\application\views\users\includes\Footer.php 8
ERROR - 2023-11-22 04:57:12 --> Severity: Warning --> Attempt to read property "logo_light" on null C:\OSPanel\domains\stimul.news\application\views\users\includes\Footer.php 8
ERROR - 2023-11-22 04:57:12 --> Severity: Warning --> Attempt to read property "file_name" on null C:\OSPanel\domains\stimul.news\application\views\users\includes\Footer.php 8
ERROR - 2023-11-22 04:57:35 --> Severity: Warning --> Undefined variable $branding_options C:\OSPanel\domains\stimul.news\application\views\users\includes\Footer.php 8
ERROR - 2023-11-22 04:57:35 --> Severity: Warning --> Attempt to read property "logo_light" on null C:\OSPanel\domains\stimul.news\application\views\users\includes\Footer.php 8
ERROR - 2023-11-22 04:57:35 --> Severity: Warning --> Attempt to read property "file_name" on null C:\OSPanel\domains\stimul.news\application\views\users\includes\Footer.php 8
ERROR - 2023-11-22 04:58:02 --> Severity: Warning --> Undefined variable $branding_options C:\OSPanel\domains\stimul.news\application\views\users\includes\Footer.php 8
ERROR - 2023-11-22 04:58:02 --> Severity: Warning --> Attempt to read property "logo_light" on null C:\OSPanel\domains\stimul.news\application\views\users\includes\Footer.php 8
ERROR - 2023-11-22 04:58:02 --> Severity: Warning --> Attempt to read property "file_name" on null C:\OSPanel\domains\stimul.news\application\views\users\includes\Footer.php 8
ERROR - 2023-11-22 04:58:30 --> Severity: Warning --> Undefined variable $branding_options C:\OSPanel\domains\stimul.news\application\views\users\includes\Footer.php 8
ERROR - 2023-11-22 04:58:30 --> Severity: Warning --> Attempt to read property "logo_light" on null C:\OSPanel\domains\stimul.news\application\views\users\includes\Footer.php 8
ERROR - 2023-11-22 04:58:30 --> Severity: Warning --> Attempt to read property "file_name" on null C:\OSPanel\domains\stimul.news\application\views\users\includes\Footer.php 8
ERROR - 2023-11-22 04:58:40 --> Severity: Warning --> Undefined variable $branding_options C:\OSPanel\domains\stimul.news\application\views\users\includes\Footer.php 8
ERROR - 2023-11-22 04:58:40 --> Severity: Warning --> Attempt to read property "logo_light" on null C:\OSPanel\domains\stimul.news\application\views\users\includes\Footer.php 8
ERROR - 2023-11-22 04:58:40 --> Severity: Warning --> Attempt to read property "file_name" on null C:\OSPanel\domains\stimul.news\application\views\users\includes\Footer.php 8
ERROR - 2023-11-22 04:59:24 --> Severity: Warning --> Undefined variable $branding_options C:\OSPanel\domains\stimul.news\application\views\users\includes\Footer.php 8
ERROR - 2023-11-22 04:59:24 --> Severity: Warning --> Attempt to read property "logo_light" on null C:\OSPanel\domains\stimul.news\application\views\users\includes\Footer.php 8
ERROR - 2023-11-22 04:59:24 --> Severity: Warning --> Attempt to read property "file_name" on null C:\OSPanel\domains\stimul.news\application\views\users\includes\Footer.php 8
ERROR - 2023-11-22 04:59:41 --> Severity: Warning --> Undefined variable $branding_options C:\OSPanel\domains\stimul.news\application\views\users\includes\Footer.php 8
ERROR - 2023-11-22 04:59:41 --> Severity: Warning --> Attempt to read property "logo_light" on null C:\OSPanel\domains\stimul.news\application\views\users\includes\Footer.php 8
ERROR - 2023-11-22 04:59:41 --> Severity: Warning --> Attempt to read property "file_name" on null C:\OSPanel\domains\stimul.news\application\views\users\includes\Footer.php 8
ERROR - 2023-11-22 04:59:50 --> Severity: Warning --> Undefined variable $branding_options C:\OSPanel\domains\stimul.news\application\views\users\includes\Footer.php 8
ERROR - 2023-11-22 04:59:50 --> Severity: Warning --> Attempt to read property "logo_light" on null C:\OSPanel\domains\stimul.news\application\views\users\includes\Footer.php 8
ERROR - 2023-11-22 04:59:50 --> Severity: Warning --> Attempt to read property "file_name" on null C:\OSPanel\domains\stimul.news\application\views\users\includes\Footer.php 8
ERROR - 2023-11-22 05:00:29 --> Severity: Warning --> Undefined variable $branding_options C:\OSPanel\domains\stimul.news\application\views\users\includes\Footer.php 8
ERROR - 2023-11-22 05:00:29 --> Severity: Warning --> Attempt to read property "logo_light" on null C:\OSPanel\domains\stimul.news\application\views\users\includes\Footer.php 8
ERROR - 2023-11-22 05:00:29 --> Severity: Warning --> Attempt to read property "file_name" on null C:\OSPanel\domains\stimul.news\application\views\users\includes\Footer.php 8
ERROR - 2023-11-22 05:00:47 --> Severity: Warning --> Undefined variable $branding_options C:\OSPanel\domains\stimul.news\application\views\users\includes\Footer.php 8
ERROR - 2023-11-22 05:00:47 --> Severity: Warning --> Attempt to read property "logo_light" on null C:\OSPanel\domains\stimul.news\application\views\users\includes\Footer.php 8
ERROR - 2023-11-22 05:00:47 --> Severity: Warning --> Attempt to read property "file_name" on null C:\OSPanel\domains\stimul.news\application\views\users\includes\Footer.php 8
ERROR - 2023-11-22 05:00:58 --> Severity: Warning --> Undefined variable $branding_options C:\OSPanel\domains\stimul.news\application\views\users\includes\Footer.php 8
ERROR - 2023-11-22 05:00:58 --> Severity: Warning --> Attempt to read property "logo_light" on null C:\OSPanel\domains\stimul.news\application\views\users\includes\Footer.php 8
ERROR - 2023-11-22 05:00:58 --> Severity: Warning --> Attempt to read property "file_name" on null C:\OSPanel\domains\stimul.news\application\views\users\includes\Footer.php 8
ERROR - 2023-11-22 05:01:23 --> Severity: Warning --> Undefined variable $branding_options C:\OSPanel\domains\stimul.news\application\views\users\includes\Footer.php 8
ERROR - 2023-11-22 05:01:23 --> Severity: Warning --> Attempt to read property "logo_light" on null C:\OSPanel\domains\stimul.news\application\views\users\includes\Footer.php 8
ERROR - 2023-11-22 05:01:23 --> Severity: Warning --> Attempt to read property "file_name" on null C:\OSPanel\domains\stimul.news\application\views\users\includes\Footer.php 8
ERROR - 2023-11-22 05:01:40 --> Severity: Warning --> Undefined variable $branding_options C:\OSPanel\domains\stimul.news\application\views\users\includes\Footer.php 8
ERROR - 2023-11-22 05:01:40 --> Severity: Warning --> Attempt to read property "logo_light" on null C:\OSPanel\domains\stimul.news\application\views\users\includes\Footer.php 8
ERROR - 2023-11-22 05:01:40 --> Severity: Warning --> Attempt to read property "file_name" on null C:\OSPanel\domains\stimul.news\application\views\users\includes\Footer.php 8
ERROR - 2023-11-22 05:02:10 --> Severity: Warning --> Undefined variable $branding_options C:\OSPanel\domains\stimul.news\application\views\users\includes\Footer.php 8
ERROR - 2023-11-22 05:02:10 --> Severity: Warning --> Attempt to read property "logo_light" on null C:\OSPanel\domains\stimul.news\application\views\users\includes\Footer.php 8
ERROR - 2023-11-22 05:02:10 --> Severity: Warning --> Attempt to read property "file_name" on null C:\OSPanel\domains\stimul.news\application\views\users\includes\Footer.php 8
ERROR - 2023-11-22 05:02:26 --> Severity: Warning --> Undefined variable $branding_options C:\OSPanel\domains\stimul.news\application\views\users\includes\Footer.php 8
ERROR - 2023-11-22 05:02:26 --> Severity: Warning --> Attempt to read property "logo_light" on null C:\OSPanel\domains\stimul.news\application\views\users\includes\Footer.php 8
ERROR - 2023-11-22 05:02:26 --> Severity: Warning --> Attempt to read property "file_name" on null C:\OSPanel\domains\stimul.news\application\views\users\includes\Footer.php 8
ERROR - 2023-11-22 05:04:43 --> Severity: Warning --> Undefined variable $branding_options C:\OSPanel\domains\stimul.news\application\views\users\includes\Footer.php 8
ERROR - 2023-11-22 05:04:43 --> Severity: Warning --> Attempt to read property "logo_light" on null C:\OSPanel\domains\stimul.news\application\views\users\includes\Footer.php 8
ERROR - 2023-11-22 05:04:43 --> Severity: Warning --> Attempt to read property "file_name" on null C:\OSPanel\domains\stimul.news\application\views\users\includes\Footer.php 8
ERROR - 2023-11-22 05:05:22 --> Severity: Warning --> Undefined variable $branding_options C:\OSPanel\domains\stimul.news\application\views\users\includes\Footer.php 8
ERROR - 2023-11-22 05:05:22 --> Severity: Warning --> Attempt to read property "logo_light" on null C:\OSPanel\domains\stimul.news\application\views\users\includes\Footer.php 8
ERROR - 2023-11-22 05:05:22 --> Severity: Warning --> Attempt to read property "file_name" on null C:\OSPanel\domains\stimul.news\application\views\users\includes\Footer.php 8
ERROR - 2023-11-22 05:05:34 --> Severity: Warning --> Undefined variable $branding_options C:\OSPanel\domains\stimul.news\application\views\users\includes\Footer.php 8
ERROR - 2023-11-22 05:05:34 --> Severity: Warning --> Attempt to read property "logo_light" on null C:\OSPanel\domains\stimul.news\application\views\users\includes\Footer.php 8
ERROR - 2023-11-22 05:05:34 --> Severity: Warning --> Attempt to read property "file_name" on null C:\OSPanel\domains\stimul.news\application\views\users\includes\Footer.php 8
ERROR - 2023-11-22 05:05:41 --> Severity: Warning --> Undefined variable $branding_options C:\OSPanel\domains\stimul.news\application\views\users\includes\Footer.php 8
ERROR - 2023-11-22 05:05:41 --> Severity: Warning --> Attempt to read property "logo_light" on null C:\OSPanel\domains\stimul.news\application\views\users\includes\Footer.php 8
ERROR - 2023-11-22 05:05:41 --> Severity: Warning --> Attempt to read property "file_name" on null C:\OSPanel\domains\stimul.news\application\views\users\includes\Footer.php 8
ERROR - 2023-11-22 05:06:56 --> Severity: Warning --> Undefined variable $branding_options C:\OSPanel\domains\stimul.news\application\views\users\includes\Footer.php 8
ERROR - 2023-11-22 05:06:56 --> Severity: Warning --> Attempt to read property "logo_light" on null C:\OSPanel\domains\stimul.news\application\views\users\includes\Footer.php 8
ERROR - 2023-11-22 05:06:56 --> Severity: Warning --> Attempt to read property "file_name" on null C:\OSPanel\domains\stimul.news\application\views\users\includes\Footer.php 8
ERROR - 2023-11-22 05:07:08 --> Severity: Warning --> Undefined variable $branding_options C:\OSPanel\domains\stimul.news\application\views\users\includes\Footer.php 8
ERROR - 2023-11-22 05:07:08 --> Severity: Warning --> Attempt to read property "logo_light" on null C:\OSPanel\domains\stimul.news\application\views\users\includes\Footer.php 8
ERROR - 2023-11-22 05:07:08 --> Severity: Warning --> Attempt to read property "file_name" on null C:\OSPanel\domains\stimul.news\application\views\users\includes\Footer.php 8
ERROR - 2023-11-22 05:07:13 --> Severity: Warning --> Undefined variable $branding_options C:\OSPanel\domains\stimul.news\application\views\users\includes\Footer.php 8
ERROR - 2023-11-22 05:07:13 --> Severity: Warning --> Attempt to read property "logo_light" on null C:\OSPanel\domains\stimul.news\application\views\users\includes\Footer.php 8
ERROR - 2023-11-22 05:07:13 --> Severity: Warning --> Attempt to read property "file_name" on null C:\OSPanel\domains\stimul.news\application\views\users\includes\Footer.php 8
ERROR - 2023-11-22 05:07:19 --> Severity: Warning --> Undefined variable $branding_options C:\OSPanel\domains\stimul.news\application\views\users\includes\Footer.php 8
ERROR - 2023-11-22 05:07:19 --> Severity: Warning --> Attempt to read property "logo_light" on null C:\OSPanel\domains\stimul.news\application\views\users\includes\Footer.php 8
ERROR - 2023-11-22 05:07:19 --> Severity: Warning --> Attempt to read property "file_name" on null C:\OSPanel\domains\stimul.news\application\views\users\includes\Footer.php 8
ERROR - 2023-11-22 05:07:57 --> Severity: Warning --> Undefined variable $branding_options C:\OSPanel\domains\stimul.news\application\views\users\includes\Footer.php 8
ERROR - 2023-11-22 05:07:57 --> Severity: Warning --> Attempt to read property "logo_light" on null C:\OSPanel\domains\stimul.news\application\views\users\includes\Footer.php 8
ERROR - 2023-11-22 05:07:57 --> Severity: Warning --> Attempt to read property "file_name" on null C:\OSPanel\domains\stimul.news\application\views\users\includes\Footer.php 8
ERROR - 2023-11-22 05:08:04 --> Severity: Warning --> Undefined variable $branding_options C:\OSPanel\domains\stimul.news\application\views\users\includes\Footer.php 8
ERROR - 2023-11-22 05:08:04 --> Severity: Warning --> Attempt to read property "logo_light" on null C:\OSPanel\domains\stimul.news\application\views\users\includes\Footer.php 8
ERROR - 2023-11-22 05:08:04 --> Severity: Warning --> Attempt to read property "file_name" on null C:\OSPanel\domains\stimul.news\application\views\users\includes\Footer.php 8
ERROR - 2023-11-22 05:08:10 --> Severity: Warning --> Undefined variable $branding_options C:\OSPanel\domains\stimul.news\application\views\users\includes\Footer.php 8
ERROR - 2023-11-22 05:08:10 --> Severity: Warning --> Attempt to read property "logo_light" on null C:\OSPanel\domains\stimul.news\application\views\users\includes\Footer.php 8
ERROR - 2023-11-22 05:08:10 --> Severity: Warning --> Attempt to read property "file_name" on null C:\OSPanel\domains\stimul.news\application\views\users\includes\Footer.php 8
ERROR - 2023-11-22 05:10:55 --> Severity: Warning --> Undefined variable $branding_options C:\OSPanel\domains\stimul.news\application\views\users\includes\Footer.php 8
ERROR - 2023-11-22 05:10:55 --> Severity: Warning --> Attempt to read property "logo_light" on null C:\OSPanel\domains\stimul.news\application\views\users\includes\Footer.php 8
ERROR - 2023-11-22 05:10:55 --> Severity: Warning --> Attempt to read property "file_name" on null C:\OSPanel\domains\stimul.news\application\views\users\includes\Footer.php 8
ERROR - 2023-11-22 05:11:06 --> Could not find the language line "categories_navbar"
ERROR - 2023-11-22 05:11:06 --> Could not find the language line "categories_navbar_all"
ERROR - 2023-11-22 05:11:06 --> Could not find the language line "about_us_navbar"
ERROR - 2023-11-22 05:11:06 --> Could not find the language line "contacts_navbar"
ERROR - 2023-11-22 05:11:06 --> Could not find the language line "read_more"
ERROR - 2023-11-22 05:11:06 --> Could not find the language line "read_more"
ERROR - 2023-11-22 05:11:06 --> Could not find the language line "all_categories"
ERROR - 2023-11-22 05:11:06 --> Could not find the language line "last_news"
ERROR - 2023-11-22 05:11:06 --> Could not find the language line "our_partners"
ERROR - 2023-11-22 05:11:06 --> Severity: Warning --> Undefined variable $branding_options C:\OSPanel\domains\stimul.news\application\views\users\includes\Footer.php 8
ERROR - 2023-11-22 05:11:06 --> Severity: Warning --> Attempt to read property "logo_light" on null C:\OSPanel\domains\stimul.news\application\views\users\includes\Footer.php 8
ERROR - 2023-11-22 05:11:06 --> Severity: Warning --> Attempt to read property "file_name" on null C:\OSPanel\domains\stimul.news\application\views\users\includes\Footer.php 8
ERROR - 2023-11-22 05:11:22 --> Severity: Warning --> Undefined variable $branding_options C:\OSPanel\domains\stimul.news\application\views\users\includes\Footer.php 8
ERROR - 2023-11-22 05:11:22 --> Severity: Warning --> Attempt to read property "logo_light" on null C:\OSPanel\domains\stimul.news\application\views\users\includes\Footer.php 8
ERROR - 2023-11-22 05:11:22 --> Severity: Warning --> Attempt to read property "file_name" on null C:\OSPanel\domains\stimul.news\application\views\users\includes\Footer.php 8
ERROR - 2023-11-22 05:16:26 --> Severity: Warning --> Undefined variable $branding_data C:\OSPanel\domains\stimul.news\application\views\users\includes\HeadScripts.php 7
ERROR - 2023-11-22 05:16:26 --> Severity: Warning --> Undefined variable $topbar_data C:\OSPanel\domains\stimul.news\application\views\users\includes\HeaderNavbar.php 2
ERROR - 2023-11-22 05:16:26 --> Severity: Warning --> Trying to access array offset on value of type null C:\OSPanel\domains\stimul.news\application\views\users\includes\HeaderNavbar.php 2
ERROR - 2023-11-22 05:16:26 --> Severity: Warning --> Undefined variable $branding_data C:\OSPanel\domains\stimul.news\application\views\users\includes\HeaderNavbar.php 45
ERROR - 2023-11-22 05:16:26 --> Severity: Warning --> Undefined variable $branding_data C:\OSPanel\domains\stimul.news\application\views\users\includes\HeaderNavbar.php 49
ERROR - 2023-11-22 05:16:26 --> Severity: Warning --> Undefined variable $categories_navbar C:\OSPanel\domains\stimul.news\application\views\users\includes\HeaderNavbar.php 72
ERROR - 2023-11-22 05:16:26 --> Severity: Warning --> foreach() argument must be of type array|object, null given C:\OSPanel\domains\stimul.news\application\views\users\includes\HeaderNavbar.php 72
ERROR - 2023-11-22 05:16:26 --> Severity: Warning --> Undefined variable $branding_options C:\OSPanel\domains\stimul.news\application\views\users\includes\Footer.php 8
ERROR - 2023-11-22 05:16:26 --> Severity: Warning --> Attempt to read property "logo_light" on null C:\OSPanel\domains\stimul.news\application\views\users\includes\Footer.php 8
ERROR - 2023-11-22 05:16:26 --> Severity: Warning --> Attempt to read property "file_name" on null C:\OSPanel\domains\stimul.news\application\views\users\includes\Footer.php 8
ERROR - 2023-11-22 05:18:03 --> Severity: error --> Exception: Too few arguments to function UserModel::branding_user_db_get(), 0 passed in C:\OSPanel\domains\stimul.news\application\controllers\ErrorController.php on line 22 and exactly 1 expected C:\OSPanel\domains\stimul.news\application\models\UserModel.php 26
ERROR - 2023-11-22 05:18:40 --> Severity: Warning --> Attempt to read property "title_prefix" on array C:\OSPanel\domains\stimul.news\application\views\users\includes\HeadScripts.php 8
ERROR - 2023-11-22 05:18:40 --> Severity: Warning --> Attempt to read property "favicon" on array C:\OSPanel\domains\stimul.news\application\views\users\includes\HeadScripts.php 9
ERROR - 2023-11-22 05:18:40 --> Severity: Warning --> Attempt to read property "file_name" on null C:\OSPanel\domains\stimul.news\application\views\users\includes\HeadScripts.php 9
ERROR - 2023-11-22 05:18:40 --> Severity: Warning --> Attempt to read property "favicon" on array C:\OSPanel\domains\stimul.news\application\views\users\includes\HeadScripts.php 9
ERROR - 2023-11-22 05:18:40 --> Severity: Warning --> Attempt to read property "file_type" on null C:\OSPanel\domains\stimul.news\application\views\users\includes\HeadScripts.php 9
ERROR - 2023-11-22 05:18:40 --> Severity: Warning --> Undefined variable $topbar_data C:\OSPanel\domains\stimul.news\application\views\users\includes\HeaderNavbar.php 2
ERROR - 2023-11-22 05:18:40 --> Severity: Warning --> Trying to access array offset on value of type null C:\OSPanel\domains\stimul.news\application\views\users\includes\HeaderNavbar.php 2
ERROR - 2023-11-22 05:18:40 --> Severity: Warning --> Attempt to read property "logo_dark" on array C:\OSPanel\domains\stimul.news\application\views\users\includes\HeaderNavbar.php 45
ERROR - 2023-11-22 05:18:40 --> Severity: Warning --> Attempt to read property "visibility" on null C:\OSPanel\domains\stimul.news\application\views\users\includes\HeaderNavbar.php 45
ERROR - 2023-11-22 05:18:40 --> Severity: Warning --> Undefined variable $categories_navbar C:\OSPanel\domains\stimul.news\application\views\users\includes\HeaderNavbar.php 72
ERROR - 2023-11-22 05:18:40 --> Severity: Warning --> foreach() argument must be of type array|object, null given C:\OSPanel\domains\stimul.news\application\views\users\includes\HeaderNavbar.php 72
ERROR - 2023-11-22 05:18:40 --> Severity: Warning --> Undefined variable $branding_options C:\OSPanel\domains\stimul.news\application\views\users\includes\Footer.php 8
ERROR - 2023-11-22 05:18:40 --> Severity: Warning --> Attempt to read property "logo_light" on null C:\OSPanel\domains\stimul.news\application\views\users\includes\Footer.php 8
ERROR - 2023-11-22 05:18:40 --> Severity: Warning --> Attempt to read property "file_name" on null C:\OSPanel\domains\stimul.news\application\views\users\includes\Footer.php 8
ERROR - 2023-11-22 05:19:48 --> Severity: Warning --> Undefined variable $branding_options C:\OSPanel\domains\stimul.news\application\views\users\includes\Footer.php 8
ERROR - 2023-11-22 05:19:48 --> Severity: Warning --> Attempt to read property "logo_light" on null C:\OSPanel\domains\stimul.news\application\views\users\includes\Footer.php 8
ERROR - 2023-11-22 05:19:48 --> Severity: Warning --> Attempt to read property "file_name" on null C:\OSPanel\domains\stimul.news\application\views\users\includes\Footer.php 8
ERROR - 2023-11-22 05:19:51 --> Severity: Warning --> Attempt to read property "title_prefix" on array C:\OSPanel\domains\stimul.news\application\views\users\includes\HeadScripts.php 8
ERROR - 2023-11-22 05:19:51 --> Severity: Warning --> Attempt to read property "favicon" on array C:\OSPanel\domains\stimul.news\application\views\users\includes\HeadScripts.php 9
ERROR - 2023-11-22 05:19:51 --> Severity: Warning --> Attempt to read property "file_name" on null C:\OSPanel\domains\stimul.news\application\views\users\includes\HeadScripts.php 9
ERROR - 2023-11-22 05:19:51 --> Severity: Warning --> Attempt to read property "favicon" on array C:\OSPanel\domains\stimul.news\application\views\users\includes\HeadScripts.php 9
ERROR - 2023-11-22 05:19:51 --> Severity: Warning --> Attempt to read property "file_type" on null C:\OSPanel\domains\stimul.news\application\views\users\includes\HeadScripts.php 9
ERROR - 2023-11-22 05:19:51 --> Severity: Warning --> Undefined variable $topbar_data C:\OSPanel\domains\stimul.news\application\views\users\includes\HeaderNavbar.php 2
ERROR - 2023-11-22 05:19:51 --> Severity: Warning --> Trying to access array offset on value of type null C:\OSPanel\domains\stimul.news\application\views\users\includes\HeaderNavbar.php 2
ERROR - 2023-11-22 05:19:51 --> Severity: Warning --> Attempt to read property "logo_dark" on array C:\OSPanel\domains\stimul.news\application\views\users\includes\HeaderNavbar.php 45
ERROR - 2023-11-22 05:19:51 --> Severity: Warning --> Attempt to read property "visibility" on null C:\OSPanel\domains\stimul.news\application\views\users\includes\HeaderNavbar.php 45
ERROR - 2023-11-22 05:19:51 --> Severity: Warning --> Undefined variable $categories_navbar C:\OSPanel\domains\stimul.news\application\views\users\includes\HeaderNavbar.php 72
ERROR - 2023-11-22 05:19:51 --> Severity: Warning --> foreach() argument must be of type array|object, null given C:\OSPanel\domains\stimul.news\application\views\users\includes\HeaderNavbar.php 72
ERROR - 2023-11-22 05:19:51 --> Severity: Warning --> Undefined variable $branding_options C:\OSPanel\domains\stimul.news\application\views\users\includes\Footer.php 8
ERROR - 2023-11-22 05:19:51 --> Severity: Warning --> Attempt to read property "logo_light" on null C:\OSPanel\domains\stimul.news\application\views\users\includes\Footer.php 8
ERROR - 2023-11-22 05:19:51 --> Severity: Warning --> Attempt to read property "file_name" on null C:\OSPanel\domains\stimul.news\application\views\users\includes\Footer.php 8
ERROR - 2023-11-22 05:19:57 --> Severity: Warning --> Attempt to read property "title_prefix" on array C:\OSPanel\domains\stimul.news\application\views\users\includes\HeadScripts.php 8
ERROR - 2023-11-22 05:19:57 --> Severity: Warning --> Attempt to read property "favicon" on array C:\OSPanel\domains\stimul.news\application\views\users\includes\HeadScripts.php 9
ERROR - 2023-11-22 05:19:57 --> Severity: Warning --> Attempt to read property "file_name" on null C:\OSPanel\domains\stimul.news\application\views\users\includes\HeadScripts.php 9
ERROR - 2023-11-22 05:19:57 --> Severity: Warning --> Attempt to read property "favicon" on array C:\OSPanel\domains\stimul.news\application\views\users\includes\HeadScripts.php 9
ERROR - 2023-11-22 05:19:57 --> Severity: Warning --> Attempt to read property "file_type" on null C:\OSPanel\domains\stimul.news\application\views\users\includes\HeadScripts.php 9
ERROR - 2023-11-22 05:19:57 --> Severity: Warning --> Undefined variable $topbar_data C:\OSPanel\domains\stimul.news\application\views\users\includes\HeaderNavbar.php 2
ERROR - 2023-11-22 05:19:57 --> Severity: Warning --> Trying to access array offset on value of type null C:\OSPanel\domains\stimul.news\application\views\users\includes\HeaderNavbar.php 2
ERROR - 2023-11-22 05:19:57 --> Severity: Warning --> Attempt to read property "logo_dark" on array C:\OSPanel\domains\stimul.news\application\views\users\includes\HeaderNavbar.php 45
ERROR - 2023-11-22 05:19:57 --> Severity: Warning --> Attempt to read property "visibility" on null C:\OSPanel\domains\stimul.news\application\views\users\includes\HeaderNavbar.php 45
ERROR - 2023-11-22 05:19:57 --> Severity: Warning --> Undefined variable $categories_navbar C:\OSPanel\domains\stimul.news\application\views\users\includes\HeaderNavbar.php 72
ERROR - 2023-11-22 05:19:57 --> Severity: Warning --> foreach() argument must be of type array|object, null given C:\OSPanel\domains\stimul.news\application\views\users\includes\HeaderNavbar.php 72
ERROR - 2023-11-22 05:19:57 --> Severity: Warning --> Undefined variable $branding_options C:\OSPanel\domains\stimul.news\application\views\users\includes\Footer.php 8
ERROR - 2023-11-22 05:19:57 --> Severity: Warning --> Attempt to read property "logo_light" on null C:\OSPanel\domains\stimul.news\application\views\users\includes\Footer.php 8
ERROR - 2023-11-22 05:19:57 --> Severity: Warning --> Attempt to read property "file_name" on null C:\OSPanel\domains\stimul.news\application\views\users\includes\Footer.php 8
ERROR - 2023-11-22 05:20:32 --> Severity: Warning --> Undefined variable $topbar_data C:\OSPanel\domains\stimul.news\application\views\users\includes\HeaderNavbar.php 2
ERROR - 2023-11-22 05:20:32 --> Severity: Warning --> Trying to access array offset on value of type null C:\OSPanel\domains\stimul.news\application\views\users\includes\HeaderNavbar.php 2
ERROR - 2023-11-22 05:20:32 --> Severity: Warning --> Undefined variable $categories_navbar C:\OSPanel\domains\stimul.news\application\views\users\includes\HeaderNavbar.php 72
ERROR - 2023-11-22 05:20:32 --> Severity: Warning --> foreach() argument must be of type array|object, null given C:\OSPanel\domains\stimul.news\application\views\users\includes\HeaderNavbar.php 72
ERROR - 2023-11-22 05:20:32 --> Severity: Warning --> Undefined variable $branding_options C:\OSPanel\domains\stimul.news\application\views\users\includes\Footer.php 8
ERROR - 2023-11-22 05:20:32 --> Severity: Warning --> Attempt to read property "logo_light" on null C:\OSPanel\domains\stimul.news\application\views\users\includes\Footer.php 8
ERROR - 2023-11-22 05:20:32 --> Severity: Warning --> Attempt to read property "file_name" on null C:\OSPanel\domains\stimul.news\application\views\users\includes\Footer.php 8
ERROR - 2023-11-22 05:20:34 --> Severity: Warning --> Undefined variable $topbar_data C:\OSPanel\domains\stimul.news\application\views\users\includes\HeaderNavbar.php 2
ERROR - 2023-11-22 05:20:34 --> Severity: Warning --> Trying to access array offset on value of type null C:\OSPanel\domains\stimul.news\application\views\users\includes\HeaderNavbar.php 2
ERROR - 2023-11-22 05:20:34 --> Severity: Warning --> Undefined variable $categories_navbar C:\OSPanel\domains\stimul.news\application\views\users\includes\HeaderNavbar.php 72
ERROR - 2023-11-22 05:20:34 --> Severity: Warning --> foreach() argument must be of type array|object, null given C:\OSPanel\domains\stimul.news\application\views\users\includes\HeaderNavbar.php 72
ERROR - 2023-11-22 05:20:34 --> Severity: Warning --> Undefined variable $branding_options C:\OSPanel\domains\stimul.news\application\views\users\includes\Footer.php 8
ERROR - 2023-11-22 05:20:34 --> Severity: Warning --> Attempt to read property "logo_light" on null C:\OSPanel\domains\stimul.news\application\views\users\includes\Footer.php 8
ERROR - 2023-11-22 05:20:34 --> Severity: Warning --> Attempt to read property "file_name" on null C:\OSPanel\domains\stimul.news\application\views\users\includes\Footer.php 8
ERROR - 2023-11-22 05:21:13 --> Severity: Warning --> Undefined variable $categories_navbar C:\OSPanel\domains\stimul.news\application\views\users\includes\HeaderNavbar.php 72
ERROR - 2023-11-22 05:21:13 --> Severity: Warning --> foreach() argument must be of type array|object, null given C:\OSPanel\domains\stimul.news\application\views\users\includes\HeaderNavbar.php 72
ERROR - 2023-11-22 05:21:13 --> Severity: Warning --> Undefined variable $branding_options C:\OSPanel\domains\stimul.news\application\views\users\includes\Footer.php 8
ERROR - 2023-11-22 05:21:13 --> Severity: Warning --> Attempt to read property "logo_light" on null C:\OSPanel\domains\stimul.news\application\views\users\includes\Footer.php 8
ERROR - 2023-11-22 05:21:13 --> Severity: Warning --> Attempt to read property "file_name" on null C:\OSPanel\domains\stimul.news\application\views\users\includes\Footer.php 8
ERROR - 2023-11-22 05:21:29 --> Severity: Warning --> Undefined variable $branding_options C:\OSPanel\domains\stimul.news\application\views\users\includes\Footer.php 8
ERROR - 2023-11-22 05:21:29 --> Severity: Warning --> Attempt to read property "logo_light" on null C:\OSPanel\domains\stimul.news\application\views\users\includes\Footer.php 8
ERROR - 2023-11-22 05:21:29 --> Severity: Warning --> Attempt to read property "file_name" on null C:\OSPanel\domains\stimul.news\application\views\users\includes\Footer.php 8
ERROR - 2023-11-22 05:21:34 --> Could not find the language line "categories_navbar"
ERROR - 2023-11-22 05:21:34 --> Could not find the language line "categories_navbar_all"
ERROR - 2023-11-22 05:21:34 --> Could not find the language line "about_us_navbar"
ERROR - 2023-11-22 05:21:34 --> Could not find the language line "contacts_navbar"
ERROR - 2023-11-22 05:21:34 --> Severity: Warning --> Undefined variable $branding_options C:\OSPanel\domains\stimul.news\application\views\users\includes\Footer.php 8
ERROR - 2023-11-22 05:21:34 --> Severity: Warning --> Attempt to read property "logo_light" on null C:\OSPanel\domains\stimul.news\application\views\users\includes\Footer.php 8
ERROR - 2023-11-22 05:21:34 --> Severity: Warning --> Attempt to read property "file_name" on null C:\OSPanel\domains\stimul.news\application\views\users\includes\Footer.php 8
ERROR - 2023-11-22 05:22:24 --> Could not find the language line "categories_navbar"
ERROR - 2023-11-22 05:22:24 --> Could not find the language line "categories_navbar_all"
ERROR - 2023-11-22 05:22:24 --> Could not find the language line "about_us_navbar"
ERROR - 2023-11-22 05:22:24 --> Could not find the language line "contacts_navbar"
ERROR - 2023-11-22 05:22:24 --> Severity: Warning --> Undefined variable $branding_options C:\OSPanel\domains\stimul.news\application\views\users\includes\Footer.php 8
ERROR - 2023-11-22 05:22:24 --> Severity: Warning --> Attempt to read property "logo_light" on null C:\OSPanel\domains\stimul.news\application\views\users\includes\Footer.php 8
ERROR - 2023-11-22 05:22:24 --> Severity: Warning --> Attempt to read property "file_name" on null C:\OSPanel\domains\stimul.news\application\views\users\includes\Footer.php 8
ERROR - 2023-11-22 05:22:35 --> Severity: Warning --> Undefined variable $branding_options C:\OSPanel\domains\stimul.news\application\views\users\includes\Footer.php 8
ERROR - 2023-11-22 05:22:35 --> Severity: Warning --> Attempt to read property "logo_light" on null C:\OSPanel\domains\stimul.news\application\views\users\includes\Footer.php 8
ERROR - 2023-11-22 05:22:35 --> Severity: Warning --> Attempt to read property "file_name" on null C:\OSPanel\domains\stimul.news\application\views\users\includes\Footer.php 8
ERROR - 2023-11-22 05:22:40 --> Severity: Warning --> Undefined variable $branding_options C:\OSPanel\domains\stimul.news\application\views\users\includes\Footer.php 8
ERROR - 2023-11-22 05:22:40 --> Severity: Warning --> Attempt to read property "logo_light" on null C:\OSPanel\domains\stimul.news\application\views\users\includes\Footer.php 8
ERROR - 2023-11-22 05:22:40 --> Severity: Warning --> Attempt to read property "file_name" on null C:\OSPanel\domains\stimul.news\application\views\users\includes\Footer.php 8
ERROR - 2023-11-22 05:23:02 --> Severity: Warning --> Undefined variable $branding_options C:\OSPanel\domains\stimul.news\application\views\users\includes\Footer.php 8
ERROR - 2023-11-22 05:23:02 --> Severity: Warning --> Attempt to read property "logo_light" on null C:\OSPanel\domains\stimul.news\application\views\users\includes\Footer.php 8
ERROR - 2023-11-22 05:23:02 --> Severity: Warning --> Attempt to read property "file_name" on null C:\OSPanel\domains\stimul.news\application\views\users\includes\Footer.php 8
ERROR - 2023-11-22 05:24:22 --> Severity: Warning --> Undefined variable $branding_options C:\OSPanel\domains\stimul.news\application\views\users\includes\Footer.php 8
ERROR - 2023-11-22 05:24:22 --> Severity: Warning --> Attempt to read property "logo_light" on null C:\OSPanel\domains\stimul.news\application\views\users\includes\Footer.php 8
ERROR - 2023-11-22 05:24:22 --> Severity: Warning --> Attempt to read property "file_name" on null C:\OSPanel\domains\stimul.news\application\views\users\includes\Footer.php 8
ERROR - 2023-11-22 05:24:24 --> Severity: Warning --> Undefined variable $branding_options C:\OSPanel\domains\stimul.news\application\views\users\includes\Footer.php 8
ERROR - 2023-11-22 05:24:24 --> Severity: Warning --> Attempt to read property "logo_light" on null C:\OSPanel\domains\stimul.news\application\views\users\includes\Footer.php 8
ERROR - 2023-11-22 05:24:24 --> Severity: Warning --> Attempt to read property "file_name" on null C:\OSPanel\domains\stimul.news\application\views\users\includes\Footer.php 8
ERROR - 2023-11-22 05:36:01 --> Severity: Warning --> Undefined variable $branding_options C:\OSPanel\domains\stimul.news\application\views\users\includes\Footer.php 8
ERROR - 2023-11-22 05:36:01 --> Severity: Warning --> Attempt to read property "logo_light" on null C:\OSPanel\domains\stimul.news\application\views\users\includes\Footer.php 8
ERROR - 2023-11-22 05:36:01 --> Severity: Warning --> Attempt to read property "file_name" on null C:\OSPanel\domains\stimul.news\application\views\users\includes\Footer.php 8
ERROR - 2023-11-22 05:56:53 --> Severity: Warning --> Undefined variable $branding_options C:\OSPanel\domains\stimul.news\application\views\users\includes\Footer.php 8
ERROR - 2023-11-22 05:56:53 --> Severity: Warning --> Attempt to read property "logo_light" on null C:\OSPanel\domains\stimul.news\application\views\users\includes\Footer.php 8
ERROR - 2023-11-22 05:56:53 --> Severity: Warning --> Attempt to read property "file_name" on null C:\OSPanel\domains\stimul.news\application\views\users\includes\Footer.php 8
ERROR - 2023-11-22 05:57:03 --> Severity: Warning --> Undefined array key "c_category_uid" C:\OSPanel\domains\stimul.news\application\views\users\Index.php 111
ERROR - 2023-11-22 05:57:03 --> Severity: Warning --> Undefined array key "c_category_uid" C:\OSPanel\domains\stimul.news\application\views\users\Index.php 111
ERROR - 2023-11-22 05:57:03 --> Severity: Warning --> Undefined array key "c_category_uid" C:\OSPanel\domains\stimul.news\application\views\users\Index.php 111
ERROR - 2023-11-22 05:57:03 --> Severity: Warning --> Undefined array key "c_category_uid" C:\OSPanel\domains\stimul.news\application\views\users\Index.php 111
ERROR - 2023-11-22 05:57:03 --> Severity: Warning --> Undefined array key "c_category_uid" C:\OSPanel\domains\stimul.news\application\views\users\Index.php 111
ERROR - 2023-11-22 05:57:03 --> Severity: Warning --> Undefined array key "c_category_uid" C:\OSPanel\domains\stimul.news\application\views\users\Index.php 111
ERROR - 2023-11-22 05:57:03 --> Severity: Warning --> Undefined array key "c_category_uid" C:\OSPanel\domains\stimul.news\application\views\users\Index.php 111
ERROR - 2023-11-22 05:57:03 --> Severity: Warning --> Undefined array key "c_category_uid" C:\OSPanel\domains\stimul.news\application\views\users\Index.php 111
ERROR - 2023-11-22 05:57:03 --> Severity: Warning --> Undefined array key "c_category_uid" C:\OSPanel\domains\stimul.news\application\views\users\Index.php 111
ERROR - 2023-11-22 05:57:03 --> Severity: Warning --> Undefined array key "c_category_uid" C:\OSPanel\domains\stimul.news\application\views\users\Index.php 111
ERROR - 2023-11-22 06:04:26 --> Severity: Warning --> Undefined array key "n_img" C:\OSPanel\domains\stimul.news\application\views\users\Index.php 122
ERROR - 2023-11-22 06:04:26 --> Severity: Warning --> Undefined array key "n_img" C:\OSPanel\domains\stimul.news\application\views\users\Index.php 122
ERROR - 2023-11-22 06:04:26 --> Severity: Warning --> Undefined array key "n_img" C:\OSPanel\domains\stimul.news\application\views\users\Index.php 122
ERROR - 2023-11-22 06:04:26 --> Severity: Warning --> Undefined array key "n_img" C:\OSPanel\domains\stimul.news\application\views\users\Index.php 122
ERROR - 2023-11-22 06:04:26 --> Severity: Warning --> Undefined array key "n_img" C:\OSPanel\domains\stimul.news\application\views\users\Index.php 122
ERROR - 2023-11-22 06:04:26 --> Severity: Warning --> Undefined array key "n_img" C:\OSPanel\domains\stimul.news\application\views\users\Index.php 122
ERROR - 2023-11-22 06:04:26 --> Severity: Warning --> Undefined array key "n_img" C:\OSPanel\domains\stimul.news\application\views\users\Index.php 122
ERROR - 2023-11-22 06:04:26 --> Severity: Warning --> Undefined variable $branding_options C:\OSPanel\domains\stimul.news\application\views\users\includes\Footer.php 8
ERROR - 2023-11-22 06:04:26 --> Severity: Warning --> Attempt to read property "logo_light" on null C:\OSPanel\domains\stimul.news\application\views\users\includes\Footer.php 8
ERROR - 2023-11-22 06:04:26 --> Severity: Warning --> Attempt to read property "file_name" on null C:\OSPanel\domains\stimul.news\application\views\users\includes\Footer.php 8
ERROR - 2023-11-22 06:05:06 --> Severity: Warning --> Undefined variable $branding_options C:\OSPanel\domains\stimul.news\application\views\users\includes\Footer.php 8
ERROR - 2023-11-22 06:05:06 --> Severity: Warning --> Attempt to read property "logo_light" on null C:\OSPanel\domains\stimul.news\application\views\users\includes\Footer.php 8
ERROR - 2023-11-22 06:05:06 --> Severity: Warning --> Attempt to read property "file_name" on null C:\OSPanel\domains\stimul.news\application\views\users\includes\Footer.php 8
ERROR - 2023-11-22 06:06:20 --> Severity: Warning --> Undefined variable $branding_options C:\OSPanel\domains\stimul.news\application\views\users\includes\Footer.php 8
ERROR - 2023-11-22 06:06:20 --> Severity: Warning --> Attempt to read property "logo_light" on null C:\OSPanel\domains\stimul.news\application\views\users\includes\Footer.php 8
ERROR - 2023-11-22 06:06:20 --> Severity: Warning --> Attempt to read property "file_name" on null C:\OSPanel\domains\stimul.news\application\views\users\includes\Footer.php 8
ERROR - 2023-11-22 06:06:32 --> Severity: Warning --> Undefined variable $branding_options C:\OSPanel\domains\stimul.news\application\views\users\includes\Footer.php 8
ERROR - 2023-11-22 06:06:32 --> Severity: Warning --> Attempt to read property "logo_light" on null C:\OSPanel\domains\stimul.news\application\views\users\includes\Footer.php 8
ERROR - 2023-11-22 06:06:32 --> Severity: Warning --> Attempt to read property "file_name" on null C:\OSPanel\domains\stimul.news\application\views\users\includes\Footer.php 8
ERROR - 2023-11-22 06:06:48 --> Severity: Warning --> Undefined variable $branding_options C:\OSPanel\domains\stimul.news\application\views\users\includes\Footer.php 8
ERROR - 2023-11-22 06:06:48 --> Severity: Warning --> Attempt to read property "logo_light" on null C:\OSPanel\domains\stimul.news\application\views\users\includes\Footer.php 8
ERROR - 2023-11-22 06:06:48 --> Severity: Warning --> Attempt to read property "file_name" on null C:\OSPanel\domains\stimul.news\application\views\users\includes\Footer.php 8
ERROR - 2023-11-22 06:07:17 --> Severity: Warning --> Undefined variable $branding_options C:\OSPanel\domains\stimul.news\application\views\users\includes\Footer.php 8
ERROR - 2023-11-22 06:07:17 --> Severity: Warning --> Attempt to read property "logo_light" on null C:\OSPanel\domains\stimul.news\application\views\users\includes\Footer.php 8
ERROR - 2023-11-22 06:07:17 --> Severity: Warning --> Attempt to read property "file_name" on null C:\OSPanel\domains\stimul.news\application\views\users\includes\Footer.php 8
ERROR - 2023-11-22 06:07:29 --> Severity: Warning --> Undefined variable $branding_options C:\OSPanel\domains\stimul.news\application\views\users\includes\Footer.php 8
ERROR - 2023-11-22 06:07:29 --> Severity: Warning --> Attempt to read property "logo_light" on null C:\OSPanel\domains\stimul.news\application\views\users\includes\Footer.php 8
ERROR - 2023-11-22 06:07:29 --> Severity: Warning --> Attempt to read property "file_name" on null C:\OSPanel\domains\stimul.news\application\views\users\includes\Footer.php 8
ERROR - 2023-11-22 06:09:37 --> Severity: Warning --> Undefined variable $branding_options C:\OSPanel\domains\stimul.news\application\views\users\includes\Footer.php 8
ERROR - 2023-11-22 06:09:37 --> Severity: Warning --> Attempt to read property "logo_light" on null C:\OSPanel\domains\stimul.news\application\views\users\includes\Footer.php 8
ERROR - 2023-11-22 06:09:37 --> Severity: Warning --> Attempt to read property "file_name" on null C:\OSPanel\domains\stimul.news\application\views\users\includes\Footer.php 8
ERROR - 2023-11-22 06:10:44 --> Severity: Warning --> Undefined variable $branding_options C:\OSPanel\domains\stimul.news\application\views\users\includes\Footer.php 8
ERROR - 2023-11-22 06:10:44 --> Severity: Warning --> Attempt to read property "logo_light" on null C:\OSPanel\domains\stimul.news\application\views\users\includes\Footer.php 8
ERROR - 2023-11-22 06:10:44 --> Severity: Warning --> Attempt to read property "file_name" on null C:\OSPanel\domains\stimul.news\application\views\users\includes\Footer.php 8
ERROR - 2023-11-22 06:12:14 --> Severity: Warning --> Undefined variable $branding_options C:\OSPanel\domains\stimul.news\application\views\users\includes\Footer.php 8
ERROR - 2023-11-22 06:12:14 --> Severity: Warning --> Attempt to read property "logo_light" on null C:\OSPanel\domains\stimul.news\application\views\users\includes\Footer.php 8
ERROR - 2023-11-22 06:12:14 --> Severity: Warning --> Attempt to read property "file_name" on null C:\OSPanel\domains\stimul.news\application\views\users\includes\Footer.php 8
ERROR - 2023-11-22 06:12:52 --> Severity: Warning --> Undefined variable $category_item_name C:\OSPanel\domains\stimul.news\application\views\users\Index.php 100
ERROR - 2023-11-22 06:12:52 --> Severity: Warning --> Trying to access array offset on value of type null C:\OSPanel\domains\stimul.news\application\views\users\Index.php 100
ERROR - 2023-11-22 06:12:52 --> Severity: Warning --> Undefined variable $category_item_name C:\OSPanel\domains\stimul.news\application\views\users\Index.php 100
ERROR - 2023-11-22 06:12:52 --> Severity: Warning --> Trying to access array offset on value of type null C:\OSPanel\domains\stimul.news\application\views\users\Index.php 100
ERROR - 2023-11-22 06:12:52 --> Severity: Warning --> Undefined variable $category_item_name C:\OSPanel\domains\stimul.news\application\views\users\Index.php 100
ERROR - 2023-11-22 06:12:52 --> Severity: Warning --> Trying to access array offset on value of type null C:\OSPanel\domains\stimul.news\application\views\users\Index.php 100
ERROR - 2023-11-22 06:12:52 --> Severity: Warning --> Undefined variable $branding_options C:\OSPanel\domains\stimul.news\application\views\users\includes\Footer.php 8
ERROR - 2023-11-22 06:12:52 --> Severity: Warning --> Attempt to read property "logo_light" on null C:\OSPanel\domains\stimul.news\application\views\users\includes\Footer.php 8
ERROR - 2023-11-22 06:12:52 --> Severity: Warning --> Attempt to read property "file_name" on null C:\OSPanel\domains\stimul.news\application\views\users\includes\Footer.php 8
ERROR - 2023-11-22 06:14:36 --> Severity: Warning --> Undefined variable $branding_options C:\OSPanel\domains\stimul.news\application\views\users\includes\Footer.php 8
ERROR - 2023-11-22 06:14:36 --> Severity: Warning --> Attempt to read property "logo_light" on null C:\OSPanel\domains\stimul.news\application\views\users\includes\Footer.php 8
ERROR - 2023-11-22 06:14:36 --> Severity: Warning --> Attempt to read property "file_name" on null C:\OSPanel\domains\stimul.news\application\views\users\includes\Footer.php 8
ERROR - 2023-11-22 06:24:22 --> Severity: error --> Exception: Call to protected method UserModel::topbarInfo() from scope UserController C:\OSPanel\domains\stimul.news\application\controllers\UserController.php 23
ERROR - 2023-11-22 06:24:32 --> Severity: error --> Exception: Call to private method UserModel::topbarInfo() from scope UserController C:\OSPanel\domains\stimul.news\application\controllers\UserController.php 23
ERROR - 2023-11-22 06:24:38 --> Severity: Warning --> Undefined variable $branding_options C:\OSPanel\domains\stimul.news\application\views\users\includes\Footer.php 8
ERROR - 2023-11-22 06:24:38 --> Severity: Warning --> Attempt to read property "logo_light" on null C:\OSPanel\domains\stimul.news\application\views\users\includes\Footer.php 8
ERROR - 2023-11-22 06:24:38 --> Severity: Warning --> Attempt to read property "file_name" on null C:\OSPanel\domains\stimul.news\application\views\users\includes\Footer.php 8
ERROR - 2023-11-22 06:25:21 --> Severity: Warning --> Undefined variable $branding_options C:\OSPanel\domains\stimul.news\application\views\users\includes\Footer.php 8
ERROR - 2023-11-22 06:25:21 --> Severity: Warning --> Attempt to read property "logo_light" on null C:\OSPanel\domains\stimul.news\application\views\users\includes\Footer.php 8
ERROR - 2023-11-22 06:25:21 --> Severity: Warning --> Attempt to read property "file_name" on null C:\OSPanel\domains\stimul.news\application\views\users\includes\Footer.php 8
ERROR - 2023-11-22 17:45:03 --> Severity: Warning --> Undefined variable $branding_options C:\OSPanel\domains\stimul.news\application\views\users\includes\Footer.php 8
ERROR - 2023-11-22 17:45:03 --> Severity: Warning --> Attempt to read property "logo_light" on null C:\OSPanel\domains\stimul.news\application\views\users\includes\Footer.php 8
ERROR - 2023-11-22 17:45:03 --> Severity: Warning --> Attempt to read property "file_name" on null C:\OSPanel\domains\stimul.news\application\views\users\includes\Footer.php 8
ERROR - 2023-11-22 17:45:44 --> Severity: Warning --> Undefined variable $branding_options C:\OSPanel\domains\stimul.news\application\views\users\includes\Footer.php 8
ERROR - 2023-11-22 17:45:44 --> Severity: Warning --> Attempt to read property "logo_light" on null C:\OSPanel\domains\stimul.news\application\views\users\includes\Footer.php 8
ERROR - 2023-11-22 17:45:44 --> Severity: Warning --> Attempt to read property "file_name" on null C:\OSPanel\domains\stimul.news\application\views\users\includes\Footer.php 8
ERROR - 2023-11-22 18:59:19 --> Severity: Warning --> Undefined variable $branding_options C:\OSPanel\domains\stimul.news\application\views\users\includes\Footer.php 8
ERROR - 2023-11-22 18:59:19 --> Severity: Warning --> Attempt to read property "logo_light" on null C:\OSPanel\domains\stimul.news\application\views\users\includes\Footer.php 8
ERROR - 2023-11-22 18:59:19 --> Severity: Warning --> Attempt to read property "file_name" on null C:\OSPanel\domains\stimul.news\application\views\users\includes\Footer.php 8
ERROR - 2023-11-22 19:00:49 --> Severity: Warning --> Undefined variable $branding_options C:\OSPanel\domains\stimul.news\application\views\users\includes\Footer.php 8
ERROR - 2023-11-22 19:00:49 --> Severity: Warning --> Attempt to read property "logo_light" on null C:\OSPanel\domains\stimul.news\application\views\users\includes\Footer.php 8
ERROR - 2023-11-22 19:00:49 --> Severity: Warning --> Attempt to read property "file_name" on null C:\OSPanel\domains\stimul.news\application\views\users\includes\Footer.php 8
ERROR - 2023-11-22 19:01:17 --> Severity: Warning --> Undefined variable $branding_options C:\OSPanel\domains\stimul.news\application\views\users\includes\Footer.php 8
ERROR - 2023-11-22 19:01:17 --> Severity: Warning --> Attempt to read property "logo_light" on null C:\OSPanel\domains\stimul.news\application\views\users\includes\Footer.php 8
ERROR - 2023-11-22 19:01:17 --> Severity: Warning --> Attempt to read property "file_name" on null C:\OSPanel\domains\stimul.news\application\views\users\includes\Footer.php 8
ERROR - 2023-11-22 21:04:29 --> Could not find the language line "categories_navbar"
ERROR - 2023-11-22 21:04:29 --> Could not find the language line "categories_navbar_all"
ERROR - 2023-11-22 21:04:29 --> Could not find the language line "about_us_navbar"
ERROR - 2023-11-22 21:04:29 --> Could not find the language line "contacts_navbar"
ERROR - 2023-11-22 21:04:29 --> Could not find the language line "read_more"
ERROR - 2023-11-22 21:04:29 --> Could not find the language line "read_more"
ERROR - 2023-11-22 21:04:29 --> Could not find the language line "all_categories"
ERROR - 2023-11-22 21:04:29 --> Could not find the language line "last_news"
ERROR - 2023-11-22 21:04:29 --> Could not find the language line "latest_news"
ERROR - 2023-11-22 21:04:29 --> Could not find the language line "latest_news"
ERROR - 2023-11-22 21:04:29 --> Could not find the language line "latest_news"
ERROR - 2023-11-22 21:04:29 --> Could not find the language line "our_partners"
ERROR - 2023-11-22 21:04:29 --> Severity: Warning --> Undefined variable $branding_options C:\OSPanel\domains\stimul.news\application\views\users\includes\Footer.php 8
ERROR - 2023-11-22 21:04:29 --> Severity: Warning --> Attempt to read property "logo_light" on null C:\OSPanel\domains\stimul.news\application\views\users\includes\Footer.php 8
ERROR - 2023-11-22 21:04:29 --> Severity: Warning --> Attempt to read property "file_name" on null C:\OSPanel\domains\stimul.news\application\views\users\includes\Footer.php 8
ERROR - 2023-11-22 21:04:48 --> Could not find the language line "categories_navbar"
ERROR - 2023-11-22 21:04:48 --> Could not find the language line "categories_navbar_all"
ERROR - 2023-11-22 21:04:48 --> Could not find the language line "about_us_navbar"
ERROR - 2023-11-22 21:04:48 --> Could not find the language line "contacts_navbar"
ERROR - 2023-11-22 21:04:48 --> Could not find the language line "read_more"
ERROR - 2023-11-22 21:04:48 --> Could not find the language line "read_more"
ERROR - 2023-11-22 21:04:48 --> Could not find the language line "all_categories"
ERROR - 2023-11-22 21:04:48 --> Could not find the language line "last_news"
ERROR - 2023-11-22 21:04:48 --> Could not find the language line "latest_news"
ERROR - 2023-11-22 21:04:48 --> Could not find the language line "latest_news"
ERROR - 2023-11-22 21:04:48 --> Could not find the language line "latest_news"
ERROR - 2023-11-22 21:04:48 --> Could not find the language line "our_partners"
ERROR - 2023-11-22 21:04:48 --> Severity: Warning --> Undefined variable $branding_options C:\OSPanel\domains\stimul.news\application\views\users\includes\Footer.php 8
ERROR - 2023-11-22 21:04:48 --> Severity: Warning --> Attempt to read property "logo_light" on null C:\OSPanel\domains\stimul.news\application\views\users\includes\Footer.php 8
ERROR - 2023-11-22 21:04:48 --> Severity: Warning --> Attempt to read property "file_name" on null C:\OSPanel\domains\stimul.news\application\views\users\includes\Footer.php 8
ERROR - 2023-11-22 21:04:51 --> Severity: Warning --> Undefined variable $branding_options C:\OSPanel\domains\stimul.news\application\views\users\includes\Footer.php 8
ERROR - 2023-11-22 21:04:51 --> Severity: Warning --> Attempt to read property "logo_light" on null C:\OSPanel\domains\stimul.news\application\views\users\includes\Footer.php 8
ERROR - 2023-11-22 21:04:51 --> Severity: Warning --> Attempt to read property "file_name" on null C:\OSPanel\domains\stimul.news\application\views\users\includes\Footer.php 8
ERROR - 2023-11-22 21:07:24 --> Could not find the language line "categories_navbar"
ERROR - 2023-11-22 21:07:24 --> Could not find the language line "categories_navbar_all"
ERROR - 2023-11-22 21:07:24 --> Could not find the language line "about_us_navbar"
ERROR - 2023-11-22 21:07:24 --> Could not find the language line "contacts_navbar"
ERROR - 2023-11-22 21:07:24 --> Could not find the language line "read_more"
ERROR - 2023-11-22 21:07:24 --> Could not find the language line "read_more"
ERROR - 2023-11-22 21:07:24 --> Could not find the language line "all_categories"
ERROR - 2023-11-22 21:07:24 --> Could not find the language line "last_news"
ERROR - 2023-11-22 21:07:24 --> Could not find the language line "latest_news"
ERROR - 2023-11-22 21:07:24 --> Could not find the language line "latest_news"
ERROR - 2023-11-22 21:07:24 --> Could not find the language line "latest_news"
ERROR - 2023-11-22 21:07:24 --> Could not find the language line "our_partners"
ERROR - 2023-11-22 21:07:24 --> Severity: Warning --> Undefined variable $branding_options C:\OSPanel\domains\stimul.news\application\views\users\includes\Footer.php 8
ERROR - 2023-11-22 21:07:24 --> Severity: Warning --> Attempt to read property "logo_light" on null C:\OSPanel\domains\stimul.news\application\views\users\includes\Footer.php 8
ERROR - 2023-11-22 21:07:24 --> Severity: Warning --> Attempt to read property "file_name" on null C:\OSPanel\domains\stimul.news\application\views\users\includes\Footer.php 8
ERROR - 2023-11-22 21:07:41 --> Could not find the language line "categories_navbar"
ERROR - 2023-11-22 21:07:41 --> Could not find the language line "categories_navbar_all"
ERROR - 2023-11-22 21:07:41 --> Could not find the language line "about_us_navbar"
ERROR - 2023-11-22 21:07:41 --> Could not find the language line "contacts_navbar"
ERROR - 2023-11-22 21:07:41 --> Could not find the language line "read_more"
ERROR - 2023-11-22 21:07:41 --> Could not find the language line "read_more"
ERROR - 2023-11-22 21:07:41 --> Could not find the language line "all_categories"
ERROR - 2023-11-22 21:07:41 --> Could not find the language line "last_news"
ERROR - 2023-11-22 21:07:41 --> Could not find the language line "latest_news"
ERROR - 2023-11-22 21:07:41 --> Could not find the language line "latest_news"
ERROR - 2023-11-22 21:07:41 --> Could not find the language line "latest_news"
ERROR - 2023-11-22 21:07:41 --> Could not find the language line "our_partners"
ERROR - 2023-11-22 21:07:41 --> Severity: Warning --> Undefined variable $branding_options C:\OSPanel\domains\stimul.news\application\views\users\includes\Footer.php 8
ERROR - 2023-11-22 21:07:41 --> Severity: Warning --> Attempt to read property "logo_light" on null C:\OSPanel\domains\stimul.news\application\views\users\includes\Footer.php 8
ERROR - 2023-11-22 21:07:41 --> Severity: Warning --> Attempt to read property "file_name" on null C:\OSPanel\domains\stimul.news\application\views\users\includes\Footer.php 8
ERROR - 2023-11-22 21:07:44 --> Could not find the language line "categories_navbar"
ERROR - 2023-11-22 21:07:44 --> Could not find the language line "categories_navbar_all"
ERROR - 2023-11-22 21:07:44 --> Could not find the language line "about_us_navbar"
ERROR - 2023-11-22 21:07:44 --> Could not find the language line "contacts_navbar"
ERROR - 2023-11-22 21:07:44 --> Could not find the language line "read_more"
ERROR - 2023-11-22 21:07:44 --> Could not find the language line "read_more"
ERROR - 2023-11-22 21:07:44 --> Could not find the language line "all_categories"
ERROR - 2023-11-22 21:07:44 --> Could not find the language line "last_news"
ERROR - 2023-11-22 21:07:44 --> Could not find the language line "latest_news"
ERROR - 2023-11-22 21:07:44 --> Could not find the language line "latest_news"
ERROR - 2023-11-22 21:07:44 --> Could not find the language line "latest_news"
ERROR - 2023-11-22 21:07:44 --> Could not find the language line "our_partners"
ERROR - 2023-11-22 21:07:44 --> Severity: Warning --> Undefined variable $branding_options C:\OSPanel\domains\stimul.news\application\views\users\includes\Footer.php 8
ERROR - 2023-11-22 21:07:44 --> Severity: Warning --> Attempt to read property "logo_light" on null C:\OSPanel\domains\stimul.news\application\views\users\includes\Footer.php 8
ERROR - 2023-11-22 21:07:44 --> Severity: Warning --> Attempt to read property "file_name" on null C:\OSPanel\domains\stimul.news\application\views\users\includes\Footer.php 8
ERROR - 2023-11-22 21:08:50 --> Severity: Warning --> Undefined variable $branding_options C:\OSPanel\domains\stimul.news\application\views\users\includes\Footer.php 8
ERROR - 2023-11-22 21:08:50 --> Severity: Warning --> Attempt to read property "logo_light" on null C:\OSPanel\domains\stimul.news\application\views\users\includes\Footer.php 8
ERROR - 2023-11-22 21:08:50 --> Severity: Warning --> Attempt to read property "file_name" on null C:\OSPanel\domains\stimul.news\application\views\users\includes\Footer.php 8
ERROR - 2023-11-22 21:09:50 --> Severity: Warning --> Undefined variable $branding_options C:\OSPanel\domains\stimul.news\application\views\users\includes\Footer.php 8
ERROR - 2023-11-22 21:09:50 --> Severity: Warning --> Attempt to read property "logo_light" on null C:\OSPanel\domains\stimul.news\application\views\users\includes\Footer.php 8
ERROR - 2023-11-22 21:09:50 --> Severity: Warning --> Attempt to read property "file_name" on null C:\OSPanel\domains\stimul.news\application\views\users\includes\Footer.php 8
ERROR - 2023-11-22 21:12:09 --> Severity: Warning --> Undefined variable $branding_options C:\OSPanel\domains\stimul.news\application\views\users\includes\Footer.php 8
ERROR - 2023-11-22 21:12:09 --> Severity: Warning --> Attempt to read property "logo_light" on null C:\OSPanel\domains\stimul.news\application\views\users\includes\Footer.php 8
ERROR - 2023-11-22 21:12:09 --> Severity: Warning --> Attempt to read property "file_name" on null C:\OSPanel\domains\stimul.news\application\views\users\includes\Footer.php 8
ERROR - 2023-11-22 23:26:41 --> Severity: Warning --> Undefined variable $branding_options C:\OSPanel\domains\stimul.news\application\views\users\includes\Footer.php 8
ERROR - 2023-11-22 23:26:41 --> Severity: Warning --> Attempt to read property "logo_light" on null C:\OSPanel\domains\stimul.news\application\views\users\includes\Footer.php 8
ERROR - 2023-11-22 23:26:41 --> Severity: Warning --> Attempt to read property "file_name" on null C:\OSPanel\domains\stimul.news\application\views\users\includes\Footer.php 8
ERROR - 2023-11-22 23:35:20 --> Severity: Warning --> Undefined variable $branding_options C:\OSPanel\domains\stimul.news\application\views\users\includes\Footer.php 8
ERROR - 2023-11-22 23:35:20 --> Severity: Warning --> Attempt to read property "logo_light" on null C:\OSPanel\domains\stimul.news\application\views\users\includes\Footer.php 8
ERROR - 2023-11-22 23:35:20 --> Severity: Warning --> Attempt to read property "file_name" on null C:\OSPanel\domains\stimul.news\application\views\users\includes\Footer.php 8
ERROR - 2023-11-22 23:35:28 --> Severity: Warning --> Undefined variable $branding_options C:\OSPanel\domains\stimul.news\application\views\users\includes\Footer.php 8
ERROR - 2023-11-22 23:35:28 --> Severity: Warning --> Attempt to read property "logo_light" on null C:\OSPanel\domains\stimul.news\application\views\users\includes\Footer.php 8
ERROR - 2023-11-22 23:35:28 --> Severity: Warning --> Attempt to read property "file_name" on null C:\OSPanel\domains\stimul.news\application\views\users\includes\Footer.php 8
ERROR - 2023-11-22 23:41:36 --> Severity: Warning --> Undefined variable $branding_options C:\OSPanel\domains\stimul.news\application\views\users\includes\Footer.php 8
ERROR - 2023-11-22 23:41:36 --> Severity: Warning --> Attempt to read property "logo_light" on null C:\OSPanel\domains\stimul.news\application\views\users\includes\Footer.php 8
ERROR - 2023-11-22 23:41:36 --> Severity: Warning --> Attempt to read property "file_name" on null C:\OSPanel\domains\stimul.news\application\views\users\includes\Footer.php 8
ERROR - 2023-11-22 23:42:26 --> Severity: Warning --> Undefined variable $branding_options C:\OSPanel\domains\stimul.news\application\views\users\includes\Footer.php 8
ERROR - 2023-11-22 23:42:26 --> Severity: Warning --> Attempt to read property "logo_light" on null C:\OSPanel\domains\stimul.news\application\views\users\includes\Footer.php 8
ERROR - 2023-11-22 23:42:26 --> Severity: Warning --> Attempt to read property "file_name" on null C:\OSPanel\domains\stimul.news\application\views\users\includes\Footer.php 8
ERROR - 2023-11-22 23:42:30 --> Could not find the language line "categories_navbar"
ERROR - 2023-11-22 23:42:30 --> Could not find the language line "categories_navbar_all"
ERROR - 2023-11-22 23:42:30 --> Could not find the language line "about_us_navbar"
ERROR - 2023-11-22 23:42:30 --> Could not find the language line "contacts_navbar"
ERROR - 2023-11-22 23:42:30 --> Could not find the language line "read_more"
ERROR - 2023-11-22 23:42:30 --> Could not find the language line "read_more"
ERROR - 2023-11-22 23:42:30 --> Could not find the language line "all_categories"
ERROR - 2023-11-22 23:42:30 --> Could not find the language line "last_news"
ERROR - 2023-11-22 23:42:30 --> Could not find the language line "latest_news"
ERROR - 2023-11-22 23:42:30 --> Could not find the language line "latest_news"
ERROR - 2023-11-22 23:42:30 --> Could not find the language line "latest_news"
ERROR - 2023-11-22 23:42:30 --> Could not find the language line "our_partners"
ERROR - 2023-11-22 23:42:30 --> Severity: Warning --> Undefined variable $branding_options C:\OSPanel\domains\stimul.news\application\views\users\includes\Footer.php 8
ERROR - 2023-11-22 23:42:30 --> Severity: Warning --> Attempt to read property "logo_light" on null C:\OSPanel\domains\stimul.news\application\views\users\includes\Footer.php 8
ERROR - 2023-11-22 23:42:30 --> Severity: Warning --> Attempt to read property "file_name" on null C:\OSPanel\domains\stimul.news\application\views\users\includes\Footer.php 8
ERROR - 2023-11-22 23:42:48 --> Could not find the language line "categories_navbar"
ERROR - 2023-11-22 23:42:48 --> Could not find the language line "categories_navbar_all"
ERROR - 2023-11-22 23:42:48 --> Could not find the language line "about_us_navbar"
ERROR - 2023-11-22 23:42:48 --> Could not find the language line "contacts_navbar"
ERROR - 2023-11-22 23:42:48 --> Could not find the language line "read_more"
ERROR - 2023-11-22 23:42:48 --> Could not find the language line "read_more"
ERROR - 2023-11-22 23:42:48 --> Could not find the language line "all_categories"
ERROR - 2023-11-22 23:42:48 --> Could not find the language line "last_news"
ERROR - 2023-11-22 23:42:48 --> Could not find the language line "latest_news"
ERROR - 2023-11-22 23:42:48 --> Could not find the language line "latest_news"
ERROR - 2023-11-22 23:42:48 --> Could not find the language line "latest_news"
ERROR - 2023-11-22 23:42:48 --> Could not find the language line "our_partners"
ERROR - 2023-11-22 23:42:48 --> Severity: Warning --> Undefined variable $branding_options C:\OSPanel\domains\stimul.news\application\views\users\includes\Footer.php 8
ERROR - 2023-11-22 23:42:48 --> Severity: Warning --> Attempt to read property "logo_light" on null C:\OSPanel\domains\stimul.news\application\views\users\includes\Footer.php 8
ERROR - 2023-11-22 23:42:48 --> Severity: Warning --> Attempt to read property "file_name" on null C:\OSPanel\domains\stimul.news\application\views\users\includes\Footer.php 8
ERROR - 2023-11-22 23:42:52 --> Could not find the language line "categories_navbar"
ERROR - 2023-11-22 23:42:52 --> Could not find the language line "categories_navbar_all"
ERROR - 2023-11-22 23:42:52 --> Could not find the language line "about_us_navbar"
ERROR - 2023-11-22 23:42:52 --> Could not find the language line "contacts_navbar"
ERROR - 2023-11-22 23:42:52 --> Could not find the language line "read_more"
ERROR - 2023-11-22 23:42:52 --> Could not find the language line "read_more"
ERROR - 2023-11-22 23:42:52 --> Could not find the language line "all_categories"
ERROR - 2023-11-22 23:42:52 --> Could not find the language line "last_news"
ERROR - 2023-11-22 23:42:52 --> Could not find the language line "latest_news"
ERROR - 2023-11-22 23:42:52 --> Could not find the language line "latest_news"
ERROR - 2023-11-22 23:42:52 --> Could not find the language line "latest_news"
ERROR - 2023-11-22 23:42:52 --> Could not find the language line "our_partners"
ERROR - 2023-11-22 23:42:52 --> Severity: Warning --> Undefined variable $branding_options C:\OSPanel\domains\stimul.news\application\views\users\includes\Footer.php 8
ERROR - 2023-11-22 23:42:52 --> Severity: Warning --> Attempt to read property "logo_light" on null C:\OSPanel\domains\stimul.news\application\views\users\includes\Footer.php 8
ERROR - 2023-11-22 23:42:52 --> Severity: Warning --> Attempt to read property "file_name" on null C:\OSPanel\domains\stimul.news\application\views\users\includes\Footer.php 8
ERROR - 2023-11-22 23:43:05 --> Severity: Warning --> Undefined variable $branding_options C:\OSPanel\domains\stimul.news\application\views\users\includes\Footer.php 8
ERROR - 2023-11-22 23:43:05 --> Severity: Warning --> Attempt to read property "logo_light" on null C:\OSPanel\domains\stimul.news\application\views\users\includes\Footer.php 8
ERROR - 2023-11-22 23:43:05 --> Severity: Warning --> Attempt to read property "file_name" on null C:\OSPanel\domains\stimul.news\application\views\users\includes\Footer.php 8
