ERROR - 2023-11-07 01:32:25 --> 404 Page Not Found: Admin/auht
ERROR - 2023-11-07 02:27:45 --> Severity: Warning --> Undefined variable $page_name C:\OSPanel\domains\stimul.news\application\views\users\includes\HeadScripts.php 6
ERROR - 2023-11-07 02:27:45 --> Severity: Warning --> Undefined variable $branding_options C:\OSPanel\domains\stimul.news\application\views\users\includes\HeadScripts.php 7
ERROR - 2023-11-07 02:27:45 --> Severity: Warning --> Attempt to read property "favicon" on null C:\OSPanel\domains\stimul.news\application\views\users\includes\HeadScripts.php 7
ERROR - 2023-11-07 02:27:45 --> Severity: Warning --> Attempt to read property "file_name" on null C:\OSPanel\domains\stimul.news\application\views\users\includes\HeadScripts.php 7
ERROR - 2023-11-07 02:27:45 --> Severity: Warning --> Undefined variable $topbar_options C:\OSPanel\domains\stimul.news\application\views\users\includes\HeaderNavbar.php 81
ERROR - 2023-11-07 02:27:45 --> Severity: Warning --> Undefined variable $branding_options C:\OSPanel\domains\stimul.news\application\views\users\includes\HeaderNavbar.php 134
ERROR - 2023-11-07 02:27:45 --> Severity: Warning --> Attempt to read property "logo_dark" on null C:\OSPanel\domains\stimul.news\application\views\users\includes\HeaderNavbar.php 134
ERROR - 2023-11-07 02:27:45 --> Severity: Warning --> Attempt to read property "file_name" on null C:\OSPanel\domains\stimul.news\application\views\users\includes\HeaderNavbar.php 134
ERROR - 2023-11-07 02:27:45 --> Severity: Warning --> Undefined variable $branding_options C:\OSPanel\domains\stimul.news\application\views\users\includes\Footer.php 8
ERROR - 2023-11-07 02:27:45 --> Severity: Warning --> Attempt to read property "logo_light" on null C:\OSPanel\domains\stimul.news\application\views\users\includes\Footer.php 8
ERROR - 2023-11-07 02:27:45 --> Severity: Warning --> Attempt to read property "file_name" on null C:\OSPanel\domains\stimul.news\application\views\users\includes\Footer.php 8
ERROR - 2023-11-07 03:29:23 --> 404 Page Not Found: Admin/index
ERROR - 2023-11-07 03:29:47 --> Severity: error --> Exception: MenuState(): Argument #1 ($segmentName) must be of type string, null given, called in C:\OSPanel\domains\stimul.news\application\views\admins\includes\Sidebar.php on line 17 C:\OSPanel\domains\stimul.news\application\views\admins\includes\Sidebar.php 7
ERROR - 2023-11-07 03:30:07 --> 404 Page Not Found: Admin/index
ERROR - 2023-11-07 03:30:08 --> 404 Page Not Found: Admin/index
ERROR - 2023-11-07 03:30:14 --> Severity: error --> Exception: MenuState(): Argument #1 ($segmentName) must be of type string, null given, called in C:\OSPanel\domains\stimul.news\application\views\admins\includes\Sidebar.php on line 17 C:\OSPanel\domains\stimul.news\application\views\admins\includes\Sidebar.php 7
ERROR - 2023-11-07 03:30:25 --> 404 Page Not Found: Admin/index
ERROR - 2023-11-07 03:47:27 --> 404 Page Not Found: Admin/login
ERROR - 2023-11-07 03:47:56 --> 404 Page Not Found: Admin/login
ERROR - 2023-11-07 03:48:01 --> Severity: Warning --> fsockopen(): SSL operation failed with code 1. OpenSSL Error messages:
error:1416F086:SSL routines:tls_process_server_certificate:certificate verify failed C:\OSPanel\domains\stimul.news\system\libraries\Email.php 2070
ERROR - 2023-11-07 03:48:01 --> Severity: Warning --> fsockopen(): Failed to enable crypto C:\OSPanel\domains\stimul.news\system\libraries\Email.php 2070
ERROR - 2023-11-07 03:48:01 --> Severity: Warning --> fsockopen(): Unable to connect to ssl://mail.rrshipping.global:465 (Unknown error) C:\OSPanel\domains\stimul.news\system\libraries\Email.php 2070
ERROR - 2023-11-07 03:48:08 --> Severity: Warning --> fsockopen(): SSL operation failed with code 1. OpenSSL Error messages:
error:1416F086:SSL routines:tls_process_server_certificate:certificate verify failed C:\OSPanel\domains\stimul.news\system\libraries\Email.php 2070
ERROR - 2023-11-07 03:48:08 --> Severity: Warning --> fsockopen(): Failed to enable crypto C:\OSPanel\domains\stimul.news\system\libraries\Email.php 2070
ERROR - 2023-11-07 03:48:08 --> Severity: Warning --> fsockopen(): Unable to connect to ssl://mail.rrshipping.global:465 (Unknown error) C:\OSPanel\domains\stimul.news\system\libraries\Email.php 2070
ERROR - 2023-11-07 03:52:00 --> Severity: Warning --> stream_socket_enable_crypto(): SSL operation failed with code 1. OpenSSL Error messages:
error:1416F086:SSL routines:tls_process_server_certificate:certificate verify failed C:\OSPanel\domains\stimul.news\system\libraries\Email.php 2098
ERROR - 2023-11-07 03:52:19 --> Severity: Warning --> fsockopen(): SSL operation failed with code 1. OpenSSL Error messages:
error:1408F10B:SSL routines:ssl3_get_record:wrong version number C:\OSPanel\domains\stimul.news\system\libraries\Email.php 2070
ERROR - 2023-11-07 03:52:19 --> Severity: Warning --> fsockopen(): Failed to enable crypto C:\OSPanel\domains\stimul.news\system\libraries\Email.php 2070
ERROR - 2023-11-07 03:52:19 --> Severity: Warning --> fsockopen(): Unable to connect to ssl://mail.rrshipping.global:25 (Unknown error) C:\OSPanel\domains\stimul.news\system\libraries\Email.php 2070
ERROR - 2023-11-07 03:52:27 --> Severity: Warning --> fsockopen(): SSL operation failed with code 1. OpenSSL Error messages:
error:1416F086:SSL routines:tls_process_server_certificate:certificate verify failed C:\OSPanel\domains\stimul.news\system\libraries\Email.php 2070
ERROR - 2023-11-07 03:52:27 --> Severity: Warning --> fsockopen(): Failed to enable crypto C:\OSPanel\domains\stimul.news\system\libraries\Email.php 2070
ERROR - 2023-11-07 03:52:27 --> Severity: Warning --> fsockopen(): Unable to connect to ssl://mail.rrshipping.global:465 (Unknown error) C:\OSPanel\domains\stimul.news\system\libraries\Email.php 2070
ERROR - 2023-11-07 03:55:17 --> Severity: Warning --> fsockopen(): SSL operation failed with code 1. OpenSSL Error messages:
error:1416F086:SSL routines:tls_process_server_certificate:certificate verify failed C:\OSPanel\domains\stimul.news\system\libraries\Email.php 2070
ERROR - 2023-11-07 03:55:17 --> Severity: Warning --> fsockopen(): Failed to enable crypto C:\OSPanel\domains\stimul.news\system\libraries\Email.php 2070
ERROR - 2023-11-07 03:55:17 --> Severity: Warning --> fsockopen(): Unable to connect to ssl://mail.rrshipping.global:465 (Unknown error) C:\OSPanel\domains\stimul.news\system\libraries\Email.php 2070
ERROR - 2023-11-07 03:56:43 --> Severity: Warning --> stream_socket_enable_crypto(): SSL operation failed with code 1. OpenSSL Error messages:
error:1416F086:SSL routines:tls_process_server_certificate:certificate verify failed C:\OSPanel\domains\stimul.news\system\libraries\Email.php 2098
ERROR - 2023-11-07 03:57:36 --> Severity: Warning --> stream_socket_enable_crypto(): SSL operation failed with code 1. OpenSSL Error messages:
error:1416F086:SSL routines:tls_process_server_certificate:certificate verify failed C:\OSPanel\domains\stimul.news\system\libraries\Email.php 2098
ERROR - 2023-11-07 03:58:00 --> Severity: Warning --> fsockopen(): SSL operation failed with code 1. OpenSSL Error messages:
error:1416F086:SSL routines:tls_process_server_certificate:certificate verify failed C:\OSPanel\domains\stimul.news\system\libraries\Email.php 2070
ERROR - 2023-11-07 03:58:00 --> Severity: Warning --> fsockopen(): Failed to enable crypto C:\OSPanel\domains\stimul.news\system\libraries\Email.php 2070
ERROR - 2023-11-07 03:58:00 --> Severity: Warning --> fsockopen(): Unable to connect to ssl://mail.rrshipping.global:465 (Unknown error) C:\OSPanel\domains\stimul.news\system\libraries\Email.php 2070
ERROR - 2023-11-07 03:59:30 --> Severity: Warning --> fsockopen(): SSL operation failed with code 1. OpenSSL Error messages:
error:1416F086:SSL routines:tls_process_server_certificate:certificate verify failed C:\OSPanel\domains\stimul.news\system\libraries\Email.php 2070
ERROR - 2023-11-07 03:59:30 --> Severity: Warning --> fsockopen(): Failed to enable crypto C:\OSPanel\domains\stimul.news\system\libraries\Email.php 2070
ERROR - 2023-11-07 03:59:30 --> Severity: Warning --> fsockopen(): Unable to connect to ssl://mail.rrshipping.global:465 (Unknown error) C:\OSPanel\domains\stimul.news\system\libraries\Email.php 2070
ERROR - 2023-11-07 03:59:33 --> Severity: Warning --> fsockopen(): SSL operation failed with code 1. OpenSSL Error messages:
error:1416F086:SSL routines:tls_process_server_certificate:certificate verify failed C:\OSPanel\domains\stimul.news\system\libraries\Email.php 2070
ERROR - 2023-11-07 03:59:33 --> Severity: Warning --> fsockopen(): Failed to enable crypto C:\OSPanel\domains\stimul.news\system\libraries\Email.php 2070
ERROR - 2023-11-07 03:59:33 --> Severity: Warning --> fsockopen(): Unable to connect to ssl://mail.rrshipping.global:465 (Unknown error) C:\OSPanel\domains\stimul.news\system\libraries\Email.php 2070
ERROR - 2023-11-07 03:59:40 --> Severity: Warning --> fsockopen(): SSL operation failed with code 1. OpenSSL Error messages:
error:1416F086:SSL routines:tls_process_server_certificate:certificate verify failed C:\OSPanel\domains\stimul.news\system\libraries\Email.php 2070
ERROR - 2023-11-07 03:59:40 --> Severity: Warning --> fsockopen(): Failed to enable crypto C:\OSPanel\domains\stimul.news\system\libraries\Email.php 2070
ERROR - 2023-11-07 03:59:40 --> Severity: Warning --> fsockopen(): Unable to connect to ssl://mail.rrshipping.global:465 (Unknown error) C:\OSPanel\domains\stimul.news\system\libraries\Email.php 2070
ERROR - 2023-11-07 04:01:22 --> Severity: Warning --> fsockopen(): SSL operation failed with code 1. OpenSSL Error messages:
error:1416F086:SSL routines:tls_process_server_certificate:certificate verify failed C:\OSPanel\domains\stimul.news\system\libraries\Email.php 2070
ERROR - 2023-11-07 04:01:22 --> Severity: Warning --> fsockopen(): Failed to enable crypto C:\OSPanel\domains\stimul.news\system\libraries\Email.php 2070
ERROR - 2023-11-07 04:01:22 --> Severity: Warning --> fsockopen(): Unable to connect to ssl://mail.rrshipping.global:465 (Unknown error) C:\OSPanel\domains\stimul.news\system\libraries\Email.php 2070
ERROR - 2023-11-07 04:01:35 --> Severity: Warning --> fsockopen(): SSL operation failed with code 1. OpenSSL Error messages:
error:1416F086:SSL routines:tls_process_server_certificate:certificate verify failed C:\OSPanel\domains\stimul.news\system\libraries\Email.php 2070
ERROR - 2023-11-07 04:01:35 --> Severity: Warning --> fsockopen(): Failed to enable crypto C:\OSPanel\domains\stimul.news\system\libraries\Email.php 2070
ERROR - 2023-11-07 04:01:35 --> Severity: Warning --> fsockopen(): Unable to connect to ssl://mail.rrshipping.global:465 (Unknown error) C:\OSPanel\domains\stimul.news\system\libraries\Email.php 2070
ERROR - 2023-11-07 04:03:47 --> Severity: Warning --> fsockopen(): SSL operation failed with code 1. OpenSSL Error messages:
error:1416F086:SSL routines:tls_process_server_certificate:certificate verify failed C:\OSPanel\domains\stimul.news\system\libraries\Email.php 2070
ERROR - 2023-11-07 04:03:47 --> Severity: Warning --> fsockopen(): Failed to enable crypto C:\OSPanel\domains\stimul.news\system\libraries\Email.php 2070
ERROR - 2023-11-07 04:03:47 --> Severity: Warning --> fsockopen(): Unable to connect to ssl://mail.rrshipping.global:465 (Unknown error) C:\OSPanel\domains\stimul.news\system\libraries\Email.php 2070
ERROR - 2023-11-07 04:03:51 --> Severity: Warning --> fsockopen(): SSL operation failed with code 1. OpenSSL Error messages:
error:1416F086:SSL routines:tls_process_server_certificate:certificate verify failed C:\OSPanel\domains\stimul.news\system\libraries\Email.php 2070
ERROR - 2023-11-07 04:03:51 --> Severity: Warning --> fsockopen(): Failed to enable crypto C:\OSPanel\domains\stimul.news\system\libraries\Email.php 2070
ERROR - 2023-11-07 04:03:51 --> Severity: Warning --> fsockopen(): Unable to connect to ssl://mail.rrshipping.global:465 (Unknown error) C:\OSPanel\domains\stimul.news\system\libraries\Email.php 2070
ERROR - 2023-11-07 04:06:00 --> Severity: Warning --> fsockopen(): SSL operation failed with code 1. OpenSSL Error messages:
error:1416F086:SSL routines:tls_process_server_certificate:certificate verify failed C:\OSPanel\domains\stimul.news\system\libraries\Email.php 2070
ERROR - 2023-11-07 04:06:00 --> Severity: Warning --> fsockopen(): Failed to enable crypto C:\OSPanel\domains\stimul.news\system\libraries\Email.php 2070
ERROR - 2023-11-07 04:06:00 --> Severity: Warning --> fsockopen(): Unable to connect to ssl://mail.rrshipping.global:465 (Unknown error) C:\OSPanel\domains\stimul.news\system\libraries\Email.php 2070
ERROR - 2023-11-07 04:06:05 --> Severity: Warning --> fsockopen(): SSL operation failed with code 1. OpenSSL Error messages:
error:1416F086:SSL routines:tls_process_server_certificate:certificate verify failed C:\OSPanel\domains\stimul.news\system\libraries\Email.php 2070
ERROR - 2023-11-07 04:06:05 --> Severity: Warning --> fsockopen(): Failed to enable crypto C:\OSPanel\domains\stimul.news\system\libraries\Email.php 2070
ERROR - 2023-11-07 04:06:05 --> Severity: Warning --> fsockopen(): Unable to connect to ssl://mail.rrshipping.global:465 (Unknown error) C:\OSPanel\domains\stimul.news\system\libraries\Email.php 2070
ERROR - 2023-11-07 04:06:13 --> Severity: Warning --> fsockopen(): SSL operation failed with code 1. OpenSSL Error messages:
error:1416F086:SSL routines:tls_process_server_certificate:certificate verify failed C:\OSPanel\domains\stimul.news\system\libraries\Email.php 2070
ERROR - 2023-11-07 04:06:13 --> Severity: Warning --> fsockopen(): Failed to enable crypto C:\OSPanel\domains\stimul.news\system\libraries\Email.php 2070
ERROR - 2023-11-07 04:06:13 --> Severity: Warning --> fsockopen(): Unable to connect to ssl://mail.rrshipping.global:465 (Unknown error) C:\OSPanel\domains\stimul.news\system\libraries\Email.php 2070
ERROR - 2023-11-07 04:06:14 --> Severity: Warning --> fsockopen(): SSL operation failed with code 1. OpenSSL Error messages:
error:1416F086:SSL routines:tls_process_server_certificate:certificate verify failed C:\OSPanel\domains\stimul.news\system\libraries\Email.php 2070
ERROR - 2023-11-07 04:06:14 --> Severity: Warning --> fsockopen(): Failed to enable crypto C:\OSPanel\domains\stimul.news\system\libraries\Email.php 2070
ERROR - 2023-11-07 04:06:14 --> Severity: Warning --> fsockopen(): Unable to connect to ssl://mail.rrshipping.global:465 (Unknown error) C:\OSPanel\domains\stimul.news\system\libraries\Email.php 2070
ERROR - 2023-11-07 04:07:56 --> Severity: Warning --> fsockopen(): SSL operation failed with code 1. OpenSSL Error messages:
error:1416F086:SSL routines:tls_process_server_certificate:certificate verify failed C:\OSPanel\domains\stimul.news\system\libraries\Email.php 2070
ERROR - 2023-11-07 04:07:56 --> Severity: Warning --> fsockopen(): Failed to enable crypto C:\OSPanel\domains\stimul.news\system\libraries\Email.php 2070
ERROR - 2023-11-07 04:07:56 --> Severity: Warning --> fsockopen(): Unable to connect to ssl://mail.rrshipping.global:465 (Unknown error) C:\OSPanel\domains\stimul.news\system\libraries\Email.php 2070
ERROR - 2023-11-07 04:12:14 --> Severity: Warning --> fsockopen(): SSL operation failed with code 1. OpenSSL Error messages:
error:1416F086:SSL routines:tls_process_server_certificate:certificate verify failed C:\OSPanel\domains\stimul.news\system\libraries\Email.php 2070
ERROR - 2023-11-07 04:12:14 --> Severity: Warning --> fsockopen(): Failed to enable crypto C:\OSPanel\domains\stimul.news\system\libraries\Email.php 2070
ERROR - 2023-11-07 04:12:14 --> Severity: Warning --> fsockopen(): Unable to connect to ssl://mail.rrshipping.global:465 (Unknown error) C:\OSPanel\domains\stimul.news\system\libraries\Email.php 2070
ERROR - 2023-11-07 04:14:49 --> Severity: Warning --> fsockopen(): SSL operation failed with code 1. OpenSSL Error messages:
error:1416F086:SSL routines:tls_process_server_certificate:certificate verify failed C:\OSPanel\domains\stimul.news\system\libraries\Email.php 2070
ERROR - 2023-11-07 04:14:49 --> Severity: Warning --> fsockopen(): Failed to enable crypto C:\OSPanel\domains\stimul.news\system\libraries\Email.php 2070
ERROR - 2023-11-07 04:14:49 --> Severity: Warning --> fsockopen(): Unable to connect to ssl://mail.rrshipping.global:465 (Unknown error) C:\OSPanel\domains\stimul.news\system\libraries\Email.php 2070
ERROR - 2023-11-07 04:16:52 --> Severity: Warning --> fsockopen(): SSL operation failed with code 1. OpenSSL Error messages:
error:1416F086:SSL routines:tls_process_server_certificate:certificate verify failed C:\OSPanel\domains\stimul.news\system\libraries\Email.php 2070
ERROR - 2023-11-07 04:16:52 --> Severity: Warning --> fsockopen(): Failed to enable crypto C:\OSPanel\domains\stimul.news\system\libraries\Email.php 2070
ERROR - 2023-11-07 04:16:52 --> Severity: Warning --> fsockopen(): Unable to connect to ssl://mail.rrshipping.global:465 (Unknown error) C:\OSPanel\domains\stimul.news\system\libraries\Email.php 2070
ERROR - 2023-11-07 04:19:21 --> Severity: Warning --> fsockopen(): SSL operation failed with code 1. OpenSSL Error messages:
error:1416F086:SSL routines:tls_process_server_certificate:certificate verify failed C:\OSPanel\domains\stimul.news\system\libraries\Email.php 2070
ERROR - 2023-11-07 04:19:21 --> Severity: Warning --> fsockopen(): Failed to enable crypto C:\OSPanel\domains\stimul.news\system\libraries\Email.php 2070
ERROR - 2023-11-07 04:19:21 --> Severity: Warning --> fsockopen(): Unable to connect to ssl://mail.rrshipping.global:465 (Unknown error) C:\OSPanel\domains\stimul.news\system\libraries\Email.php 2070
ERROR - 2023-11-07 04:21:05 --> Severity: Warning --> fsockopen(): php_network_getaddresses: getaddrinfo failed: ���� ���� ����������.  C:\OSPanel\domains\stimul.news\system\libraries\Email.php 2070
ERROR - 2023-11-07 04:21:05 --> Severity: Warning --> fsockopen(): Unable to connect to ssl://ssl://mail.rrshipping.global:465 (php_network_getaddresses: getaddrinfo failed: ���� ���� ����������. ) C:\OSPanel\domains\stimul.news\system\libraries\Email.php 2070
ERROR - 2023-11-07 04:21:10 --> Severity: Warning --> fsockopen(): php_network_getaddresses: getaddrinfo failed: ���� ���� ����������.  C:\OSPanel\domains\stimul.news\system\libraries\Email.php 2070
ERROR - 2023-11-07 04:21:10 --> Severity: Warning --> fsockopen(): Unable to connect to ssl://ssl://mail.rrshipping.global:465 (php_network_getaddresses: getaddrinfo failed: ���� ���� ����������. ) C:\OSPanel\domains\stimul.news\system\libraries\Email.php 2070
ERROR - 2023-11-07 04:21:19 --> Severity: Warning --> fsockopen(): php_network_getaddresses: getaddrinfo failed: ���� ���� ����������.  C:\OSPanel\domains\stimul.news\system\libraries\Email.php 2070
ERROR - 2023-11-07 04:21:19 --> Severity: Warning --> fsockopen(): Unable to connect to ssl://ssl://rrshipping.global:465 (php_network_getaddresses: getaddrinfo failed: ���� ���� ����������. ) C:\OSPanel\domains\stimul.news\system\libraries\Email.php 2070
ERROR - 2023-11-07 04:21:30 --> Severity: Warning --> fsockopen(): SSL operation failed with code 1. OpenSSL Error messages:
error:1416F086:SSL routines:tls_process_server_certificate:certificate verify failed C:\OSPanel\domains\stimul.news\system\libraries\Email.php 2070
ERROR - 2023-11-07 04:21:30 --> Severity: Warning --> fsockopen(): Failed to enable crypto C:\OSPanel\domains\stimul.news\system\libraries\Email.php 2070
ERROR - 2023-11-07 04:21:30 --> Severity: Warning --> fsockopen(): Unable to connect to ssl://mail.rrshipping.global:465 (Unknown error) C:\OSPanel\domains\stimul.news\system\libraries\Email.php 2070
ERROR - 2023-11-07 04:22:42 --> Severity: Warning --> fsockopen(): SSL operation failed with code 1. OpenSSL Error messages:
error:1416F086:SSL routines:tls_process_server_certificate:certificate verify failed C:\OSPanel\domains\stimul.news\system\libraries\Email.php 2070
ERROR - 2023-11-07 04:22:42 --> Severity: Warning --> fsockopen(): Failed to enable crypto C:\OSPanel\domains\stimul.news\system\libraries\Email.php 2070
ERROR - 2023-11-07 04:22:42 --> Severity: Warning --> fsockopen(): Unable to connect to ssl://mail.rrshipping.global:465 (Unknown error) C:\OSPanel\domains\stimul.news\system\libraries\Email.php 2070
ERROR - 2023-11-07 04:22:53 --> Severity: Warning --> fsockopen(): SSL operation failed with code 1. OpenSSL Error messages:
error:1416F086:SSL routines:tls_process_server_certificate:certificate verify failed C:\OSPanel\domains\stimul.news\system\libraries\Email.php 2070
ERROR - 2023-11-07 04:22:53 --> Severity: Warning --> fsockopen(): Failed to enable crypto C:\OSPanel\domains\stimul.news\system\libraries\Email.php 2070
ERROR - 2023-11-07 04:22:53 --> Severity: Warning --> fsockopen(): Unable to connect to ssl://mail.rrshipping.global:465 (Unknown error) C:\OSPanel\domains\stimul.news\system\libraries\Email.php 2070
ERROR - 2023-11-07 04:24:45 --> Severity: Warning --> stream_socket_enable_crypto(): SSL operation failed with code 1. OpenSSL Error messages:
error:1416F086:SSL routines:tls_process_server_certificate:certificate verify failed C:\OSPanel\domains\stimul.news\system\libraries\Email.php 2098
ERROR - 2023-11-07 04:25:22 --> Severity: Warning --> stream_socket_enable_crypto(): SSL operation failed with code 1. OpenSSL Error messages:
error:1416F086:SSL routines:tls_process_server_certificate:certificate verify failed C:\OSPanel\domains\stimul.news\system\libraries\Email.php 2098
ERROR - 2023-11-07 04:25:40 --> Severity: Warning --> fsockopen(): SSL operation failed with code 1. OpenSSL Error messages:
error:1416F086:SSL routines:tls_process_server_certificate:certificate verify failed C:\OSPanel\domains\stimul.news\system\libraries\Email.php 2070
ERROR - 2023-11-07 04:25:40 --> Severity: Warning --> fsockopen(): Failed to enable crypto C:\OSPanel\domains\stimul.news\system\libraries\Email.php 2070
ERROR - 2023-11-07 04:25:40 --> Severity: Warning --> fsockopen(): Unable to connect to ssl://mail.rrshipping.global:465 (Unknown error) C:\OSPanel\domains\stimul.news\system\libraries\Email.php 2070
ERROR - 2023-11-07 04:25:52 --> Severity: Warning --> stream_socket_enable_crypto(): SSL operation failed with code 1. OpenSSL Error messages:
error:1416F086:SSL routines:tls_process_server_certificate:certificate verify failed C:\OSPanel\domains\stimul.news\system\libraries\Email.php 2098
ERROR - 2023-11-07 04:45:08 --> Severity: Warning --> fsockopen(): SSL operation failed with code 1. OpenSSL Error messages:
error:1416F086:SSL routines:tls_process_server_certificate:certificate verify failed C:\OSPanel\domains\stimul.news\system\libraries\Email.php 2070
ERROR - 2023-11-07 04:45:08 --> Severity: Warning --> fsockopen(): Failed to enable crypto C:\OSPanel\domains\stimul.news\system\libraries\Email.php 2070
ERROR - 2023-11-07 04:45:08 --> Severity: Warning --> fsockopen(): Unable to connect to ssl://mail.rrshipping.global:465 (Unknown error) C:\OSPanel\domains\stimul.news\system\libraries\Email.php 2070
ERROR - 2023-11-07 04:46:14 --> Severity: Warning --> fsockopen(): SSL operation failed with code 1. OpenSSL Error messages:
error:1416F086:SSL routines:tls_process_server_certificate:certificate verify failed C:\OSPanel\domains\stimul.news\system\libraries\Email.php 2070
ERROR - 2023-11-07 04:46:14 --> Severity: Warning --> fsockopen(): Failed to enable crypto C:\OSPanel\domains\stimul.news\system\libraries\Email.php 2070
ERROR - 2023-11-07 04:46:14 --> Severity: Warning --> fsockopen(): Unable to connect to ssl://mail.rrshipping.global:465 (Unknown error) C:\OSPanel\domains\stimul.news\system\libraries\Email.php 2070
ERROR - 2023-11-07 04:46:47 --> Severity: Warning --> fsockopen(): SSL operation failed with code 1. OpenSSL Error messages:
error:1416F086:SSL routines:tls_process_server_certificate:certificate verify failed C:\OSPanel\domains\stimul.news\system\libraries\Email.php 2070
ERROR - 2023-11-07 04:46:47 --> Severity: Warning --> fsockopen(): Failed to enable crypto C:\OSPanel\domains\stimul.news\system\libraries\Email.php 2070
ERROR - 2023-11-07 04:46:47 --> Severity: Warning --> fsockopen(): Unable to connect to ssl://mail.rrshipping.global:465 (Unknown error) C:\OSPanel\domains\stimul.news\system\libraries\Email.php 2070
ERROR - 2023-11-07 04:49:11 --> Severity: Warning --> fsockopen(): SSL operation failed with code 1. OpenSSL Error messages:
error:1416F086:SSL routines:tls_process_server_certificate:certificate verify failed C:\OSPanel\domains\stimul.news\system\libraries\Email.php 2070
ERROR - 2023-11-07 04:49:11 --> Severity: Warning --> fsockopen(): Failed to enable crypto C:\OSPanel\domains\stimul.news\system\libraries\Email.php 2070
ERROR - 2023-11-07 04:49:11 --> Severity: Warning --> fsockopen(): Unable to connect to ssl://mail.rrshipping.global:465 (Unknown error) C:\OSPanel\domains\stimul.news\system\libraries\Email.php 2070
ERROR - 2023-11-07 04:49:40 --> Severity: Warning --> fsockopen(): SSL operation failed with code 1. OpenSSL Error messages:
error:1416F086:SSL routines:tls_process_server_certificate:certificate verify failed C:\OSPanel\domains\stimul.news\system\libraries\Email.php 2070
ERROR - 2023-11-07 04:49:40 --> Severity: Warning --> fsockopen(): Failed to enable crypto C:\OSPanel\domains\stimul.news\system\libraries\Email.php 2070
ERROR - 2023-11-07 04:49:40 --> Severity: Warning --> fsockopen(): Unable to connect to ssl://mail.rrshipping.global:465 (Unknown error) C:\OSPanel\domains\stimul.news\system\libraries\Email.php 2070
ERROR - 2023-11-07 05:02:46 --> Severity: Warning --> Undefined array key "quotes" C:\OSPanel\domains\stimul.news\application\controllers\AdminController.php 89
ERROR - 2023-11-07 05:02:46 --> Severity: Warning --> foreach() argument must be of type array|object, null given C:\OSPanel\domains\stimul.news\application\views\admins\Dashboard.php 20
ERROR - 2023-11-07 05:02:51 --> Severity: Warning --> Undefined array key "quotes" C:\OSPanel\domains\stimul.news\application\controllers\AdminController.php 89
ERROR - 2023-11-07 05:02:51 --> Severity: Warning --> foreach() argument must be of type array|object, null given C:\OSPanel\domains\stimul.news\application\views\admins\Dashboard.php 20
ERROR - 2023-11-07 05:02:52 --> Severity: Warning --> Undefined array key "quotes" C:\OSPanel\domains\stimul.news\application\controllers\AdminController.php 89
ERROR - 2023-11-07 05:02:52 --> Severity: Warning --> foreach() argument must be of type array|object, null given C:\OSPanel\domains\stimul.news\application\views\admins\Dashboard.php 20
ERROR - 2023-11-07 05:03:21 --> Severity: Warning --> Undefined array key "quotes" C:\OSPanel\domains\stimul.news\application\controllers\AdminController.php 89
ERROR - 2023-11-07 05:03:21 --> Severity: Warning --> foreach() argument must be of type array|object, null given C:\OSPanel\domains\stimul.news\application\views\admins\Dashboard.php 20
ERROR - 2023-11-07 05:13:54 --> Severity: Warning --> Undefined array key "quotes" C:\OSPanel\domains\stimul.news\application\controllers\AdminController.php 89
ERROR - 2023-11-07 05:13:54 --> Severity: Warning --> foreach() argument must be of type array|object, null given C:\OSPanel\domains\stimul.news\application\views\admins\Dashboard.php 20
ERROR - 2023-11-07 05:15:34 --> Severity: Warning --> Undefined array key "quotes" C:\OSPanel\domains\stimul.news\application\controllers\AdminController.php 89
ERROR - 2023-11-07 05:15:34 --> Severity: Warning --> Undefined variable $fiat_item_price C:\OSPanel\domains\stimul.news\application\views\admins\Dashboard.php 23
ERROR - 2023-11-07 05:15:47 --> Severity: Warning --> Undefined array key "quotes" C:\OSPanel\domains\stimul.news\application\controllers\AdminController.php 89
ERROR - 2023-11-07 05:16:20 --> Severity: Warning --> Array to string conversion C:\OSPanel\domains\stimul.news\application\views\admins\Dashboard.php 22
ERROR - 2023-11-07 05:16:52 --> Severity: error --> Exception: Object of class stdClass could not be converted to string C:\OSPanel\domains\stimul.news\application\views\admins\Dashboard.php 22
ERROR - 2023-11-07 05:17:00 --> Severity: Warning --> Attempt to read property "rates" on array C:\OSPanel\domains\stimul.news\application\views\admins\Dashboard.php 22
ERROR - 2023-11-07 05:17:32 --> Severity: error --> Exception: Cannot use object of type stdClass as array C:\OSPanel\domains\stimul.news\application\controllers\AdminController.php 89
ERROR - 2023-11-07 05:17:47 --> Severity: error --> Exception: Cannot use object of type stdClass as array C:\OSPanel\domains\stimul.news\application\controllers\AdminController.php 89
ERROR - 2023-11-07 05:17:57 --> Severity: Warning --> Undefined array key 0 C:\OSPanel\domains\stimul.news\application\controllers\AdminController.php 89
ERROR - 2023-11-07 05:18:17 --> Severity: error --> Exception: Object of class stdClass could not be converted to string C:\OSPanel\domains\stimul.news\application\views\admins\Dashboard.php 22
ERROR - 2023-11-07 05:59:55 --> Severity: Warning --> Undefined variable $cokc C:\OSPanel\domains\stimul.news\application\controllers\AdminController.php 164
ERROR - 2023-11-07 06:04:39 --> Query error: Unknown column 'a_username,a_email' in 'where clause' - Invalid query: SELECT *
FROM `admin`
WHERE `a_username,a_email` IS NULL
ERROR - 2023-11-07 06:07:32 --> Query error: You have an error in your SQL syntax; check the manual that corresponds to your MySQL server version for the right syntax to use near '|| a_email 'gmurad97'' at line 4 - Invalid query: SELECT *
FROM `admin`
WHERE `a_username` = 'gmurad97'
AND || a_email 'gmurad97'
ERROR - 2023-11-07 06:07:41 --> Query error: You have an error in your SQL syntax; check the manual that corresponds to your MySQL server version for the right syntax to use near 'OR a_email 'gmurad97'' at line 4 - Invalid query: SELECT *
FROM `admin`
WHERE `a_username` = 'gmurad97'
AND OR a_email 'gmurad97'
ERROR - 2023-11-07 06:46:09 --> Severity: Warning --> Trying to access array offset on value of type null C:\OSPanel\domains\stimul.news\application\views\admins\Login.php 19
ERROR - 2023-11-07 06:46:09 --> Severity: Warning --> Trying to access array offset on value of type null C:\OSPanel\domains\stimul.news\application\views\admins\Login.php 19
ERROR - 2023-11-07 06:46:09 --> Severity: Warning --> Trying to access array offset on value of type null C:\OSPanel\domains\stimul.news\application\views\admins\Login.php 22
ERROR - 2023-11-07 06:46:09 --> Severity: Warning --> Trying to access array offset on value of type null C:\OSPanel\domains\stimul.news\application\views\admins\Login.php 23
ERROR - 2023-11-07 06:46:09 --> Severity: Warning --> Trying to access array offset on value of type null C:\OSPanel\domains\stimul.news\application\views\admins\Login.php 24
